#
# A fatal error has been detected by the Java Runtime Environment:
#
#  EXCEPTION_ACCESS_VIOLATION (0xc0000005) at pc=0x00007ffb66a2b466, pid=21528, tid=19612
#
# JRE version: OpenJDK Runtime Environment (21.0.8) (build 21.0.8+-14196175-b1038.72)
# Java VM: OpenJDK 64-Bit Server VM (21.0.8+-14196175-b1038.72, mixed mode, tiered, compressed oops, compressed class ptrs, g1 gc, windows-amd64)
# Problematic frame:
# V  [jvm.dll+0x13b466]
#
# No core dump will be written. Minidumps are not enabled by default on client versions of Windows
#
# If you would like to submit a bug report, please visit:
#   https://youtrack.jetbrains.com/issues/JBR
#

---------------  S U M M A R Y ------------

Command Line: --add-opens=java.base/java.lang=ALL-UNNAMED --add-opens=java.base/java.lang.invoke=ALL-UNNAMED --add-opens=java.base/java.util=ALL-UNNAMED --add-opens=java.prefs/java.util.prefs=ALL-UNNAMED --add-exports=jdk.compiler/com.sun.tools.javac.api=ALL-UNNAMED --add-exports=jdk.compiler/com.sun.tools.javac.util=ALL-UNNAMED --add-opens=java.base/java.util=ALL-UNNAMED --add-opens=java.prefs/java.util.prefs=ALL-UNNAMED --add-opens=java.base/java.nio.charset=ALL-UNNAMED --add-opens=java.base/java.net=ALL-UNNAMED --add-opens=java.base/java.util.concurrent.atomic=ALL-UNNAMED --add-opens=java.xml/javax.xml.namespace=ALL-UNNAMED -XX:MaxMetaspaceSize=384m -XX:+HeapDumpOnOutOfMemoryError -Xms256m -Xmx512m -Dfile.encoding=UTF-8 -Duser.country=CN -Duser.language=zh -Duser.variant -javaagent:C:\Users\1\.gradle\wrapper\dists\gradle-9.0-milestone-1-bin\3vdepk4s12bybhohyuvjcm1bd\gradle-9.0-milestone-1\lib\agents\gradle-instrumentation-agent-9.0.jar org.gradle.launcher.daemon.bootstrap.GradleDaemon 9.0-milestone-1

Host: Intel(R) Core(TM) i5-10210U CPU @ 1.60GHz, 8 cores, 15G,  Windows 11 , 64 bit Build 26100 (10.0.26100.1)
Time: Thu Jan 22 15:12:56 2026 elapsed time: 9.109024 seconds (0d 0h 0m 9s)

---------------  T H R E A D  ---------------

Current thread (0x0000016b6e16d720):  WorkerThread "GC Thread#5"    [id=19612, stack(0x0000005e72000000,0x0000005e72100000) (1024K)]

Stack: [0x0000005e72000000,0x0000005e72100000],  sp=0x0000005e720ff948,  free space=1022k
Native frames: (J=compiled Java code, j=interpreted, Vv=VM code, C=native code)
V  [jvm.dll+0x13b466]


siginfo: EXCEPTION_ACCESS_VIOLATION (0xc0000005), reading address 0x0000000312797b40


Registers:
RAX=0x0000000000000002, RBX=0x0000000000000001, RCX=0x00000000eab45c70, RDX=0x00000000eab45c70
RSP=0x0000005e720ff948, RBP=0x000000000000018a, RSI=0x0000016b538e98d0, RDI=0x6e616c2f6176616a
R8 =0x0000000312797b38, R9 =0x6e616c2f6176616a, R10=0x00000000eab45c70, R11=0x0000000000000001
R12=0x0000016b71264a50, R13=0x0000000312797b38, R14=0x00000000eab45c70, R15=0x0000016b71295050
RIP=0x00007ffb66a2b466, EFLAGS=0x0000000000010202

XMM[0]=0x000000172000254e 0x0000000000000001
XMM[1]=0xeba0b8f8eba0ba78 0xeba0b8c0eba0ba28
XMM[2]=0x0000000000000000 0x0000000000000000
XMM[3]=0x0000000000000000 0x0000000000000000
XMM[4]=0x0000000000000000 0x0000000000000000
XMM[5]=0xeba0b968eba0bb18 0xeba0b930eba0bac8
XMM[6]=0x0000000000000000 0x0000000000000000
XMM[7]=0x0000000000000000 0x0000000000000000
XMM[8]=0x0000000000000000 0x0000000000000000
XMM[9]=0x0000000000000000 0x0000000000000000
XMM[10]=0x0000000000000000 0x0000000000000000
XMM[11]=0x0000000000000000 0x0000000000000000
XMM[12]=0x0000000000000000 0x0000000000000000
XMM[13]=0x0000000000000000 0x0000000000000000
XMM[14]=0x0000000000000000 0x0000000000000000
XMM[15]=0x0000000000000000 0x0000000000000000
  MXCSR=0x00001fa0


Register to memory mapping:

RAX=0x0000000000000002 is an unknown value
RBX=0x0000000000000001 is an unknown value
RCX=
[error occurred during error reporting (printing register info), id 0xc0000005, EXCEPTION_ACCESS_VIOLATION (0xc0000005) at pc=0x00007ffb66a2b466]
RDX=
[error occurred during error reporting (printing register info, attempt 2), id 0xc0000005, EXCEPTION_ACCESS_VIOLATION (0xc0000005) at pc=0x00007ffb66a2b466]
RSP=0x0000005e720ff948 points into unknown readable memory: 0x00007ffb66c4a7bb | bb a7 c4 66 fb 7f 00 00
RBP=0x000000000000018a is an unknown value
RSI=0x0000016b538e98d0 points into unknown readable memory: 0x0000000000000000 | 00 00 00 00 00 00 00 00
RDI=0x6e616c2f6176616a is an unknown value
R8 =0x0000000312797b38 is an unknown value
R9 =0x6e616c2f6176616a is an unknown value
R10=
[error occurred during error reporting (printing register info, attempt 3), id 0xc0000005, EXCEPTION_ACCESS_VIOLATION (0xc0000005) at pc=0x00007ffb66a2b466]
Top of Stack: (sp=0x0000005e720ff948)
0x0000005e720ff948:   00007ffb66c4a7bb 0000000000000001
0x0000005e720ff958:   0000000000000001 0000000000000001
0x0000005e720ff968:   0000000000000000 0000000000000000
0x0000005e720ff978:   00007ffb00000000 0000016b6983ab10
0x0000005e720ff988:   00007ffb67008b37 0000016b69868000
0x0000005e720ff998:   00007ffbe80af6cc 0000016b712951d8
0x0000005e720ff9a8:   0000000000000000 0000000000000040
0x0000005e720ff9b8:   0000005e710fe7d8 0000016b71264a50
0x0000005e720ff9c8:   00000000e92cda90 0000016b538e98d0
0x0000005e720ff9d8:   000000000000018a 0000016b71295050
0x0000005e720ff9e8:   00007ffb66c4ba2a 0000016b71290000
0x0000005e720ff9f8:   0000016b538e0001 0000016b00000000
0x0000005e720ffa08:   0000000000000001 0000000000000018
0x0000005e720ffa18:   0000016b699e6e00 00000000eaa39c80
0x0000005e720ffa28:   0000016b699e6ed8 0000000000000000
0x0000005e720ffa38:   00007ffb66c480ee 0000016b6e16d700
0x0000005e720ffa48:   0000016b71295050 0000016b699e6e00
0x0000005e720ffa58:   0000005e710fe7d8 000000000566aa1a
0x0000005e720ffa68:   0000000471d57a79 0000016b699e6ed8
0x0000005e720ffa78:   0000000000000000 0000016b71264a58
0x0000005e720ffa88:   00007ffb66c59108 0000016b6e160000
0x0000005e720ffa98:   00007ffb67100100 0000000000000000
0x0000005e720ffaa8:   0000000000000019 0000000000000000
0x0000005e720ffab8:   00007ffb66c59a55 0000016b71264a58
0x0000005e720ffac8:   fffffffff0000000 0000016b72cbf508
0x0000005e720ffad8:   0000000000000006 00007ffb67265d00
0x0000005e720ffae8:   00007ffb66c3b072 0000000000000003
0x0000005e720ffaf8:   0000016b6e3ae060 0000005e710fe790
0x0000005e720ffb08:   0000000471d4f7c1 00007ffb67265ce0
0x0000005e720ffb18:   000000000566a981 0000000471d4fcd9
0x0000005e720ffb28:   00007ffb00000007 0000016b6e3ae060
0x0000005e720ffb38:   0000000000000003 0000000000000000 

Instructions: (pc=0x00007ffb66a2b466)
0x00007ffb66a2b366:   4c 63 c0 41 8b c1 48 c1 f8 10 48 63 14 19 41 8b
0x00007ffb66a2b376:   c9 83 e1 3f 48 d3 e2 0f b6 c8 49 8d 04 10 49 f7
0x00007ffb66a2b386:   d0 48 03 c8 49 c1 e8 03 48 c1 e9 03 49 23 c8 eb
0x00007ffb66a2b396:   12 49 8b 00 48 8b d3 49 8b c8 ff 90 00 01 00 00
0x00007ffb66a2b3a6:   48 8b c8 48 89 1f 48 8b c7 48 8b 5c 24 30 48 89
0x00007ffb66a2b3b6:   4f 08 48 83 c4 20 5f c3 cc cc 0f b6 05 d1 1e a0
0x00007ffb66a2b3c6:   00 48 8b d1 84 c0 74 16 44 8b 41 08 8b 0d c0 0b
0x00007ffb66a2b3d6:   a0 00 49 d3 e0 4c 03 05 ae 0b a0 00 eb 04 4c 8b
0x00007ffb66a2b3e6:   41 08 45 8b 48 08 45 85 c9 7e 0e 41 f6 c1 01 75
0x00007ffb66a2b3f6:   53 41 c1 f9 03 49 63 c1 c3 79 49 84 c0 41 b8 0c
0x00007ffb66a2b406:   00 00 00 8b 05 79 1c a0 00 b9 10 00 00 00 41 0f
0x00007ffb66a2b416:   45 c8 ff c8 4c 63 c0 41 8b c1 48 c1 f8 10 0f b6
0x00007ffb66a2b426:   c0 48 63 14 11 41 8b c9 83 e1 3f 48 d3 e2 49 8d
0x00007ffb66a2b436:   0c 10 49 f7 d0 48 03 c1 49 c1 e8 03 48 c1 e8 03
0x00007ffb66a2b446:   49 23 c0 c3 49 8b 00 49 8b c8 48 ff a0 00 01 00
0x00007ffb66a2b456:   00 cc cc cc cc cc cc cc cc cc 4c 8b c2 48 8b d1
0x00007ffb66a2b466:   45 8b 48 08 45 85 c9 7e 0e 41 f6 c1 01 75 56 41
0x00007ffb66a2b476:   c1 f9 03 49 63 c1 c3 79 4c 80 3d 12 1e a0 00 00
0x00007ffb66a2b486:   b8 0c 00 00 00 b9 10 00 00 00 0f 45 c8 8b 05 ef
0x00007ffb66a2b496:   1b a0 00 ff c8 4c 63 c0 41 8b c1 48 c1 f8 10 48
0x00007ffb66a2b4a6:   63 14 11 41 8b c9 83 e1 3f 0f b6 c0 48 d3 e2 49
0x00007ffb66a2b4b6:   8d 0c 10 49 f7 d0 48 03 c1 49 c1 e8 03 48 c1 e8
0x00007ffb66a2b4c6:   03 49 23 c0 c3 49 8b 00 49 8b c8 48 ff a0 00 01
0x00007ffb66a2b4d6:   00 00 cc cc cc cc cc cc cc cc 40 53 48 83 ec 20
0x00007ffb66a2b4e6:   48 8b d9 49 8b c0 33 c9 45 0f b6 c1 48 89 0b 48
0x00007ffb66a2b4f6:   89 4b 08 48 8b cb 48 89 53 10 48 8b d0 e8 28 09
0x00007ffb66a2b506:   00 00 48 8b c3 48 83 c4 20 5b c3 cc cc cc cc cc
0x00007ffb66a2b516:   cc cc cc cc cc cc cc cc cc cc 40 53 48 83 ec 20
0x00007ffb66a2b526:   33 c0 44 88 41 10 45 0f b6 c1 48 89 01 48 89 41
0x00007ffb66a2b536:   08 48 8b d9 e8 01 0a 00 00 48 8b c3 48 83 c4 20
0x00007ffb66a2b546:   5b c3 cc cc cc cc cc cc cc cc 40 53 48 83 ec 20
0x00007ffb66a2b556:   33 c0 48 8b d9 48 89 01 48 89 41 08 e8 99 0b 00 


Stack slot to memory mapping:

stack at sp + 0 slots: 0x00007ffb66c4a7bb jvm.dll
stack at sp + 1 slots: 0x0000000000000001 is an unknown value
stack at sp + 2 slots: 0x0000000000000001 is an unknown value
stack at sp + 3 slots: 0x0000000000000001 is an unknown value
stack at sp + 4 slots: 0x0 is null
stack at sp + 5 slots: 0x0 is null
stack at sp + 6 slots: 0x00007ffb00000000 is an unknown value
stack at sp + 7 slots: 0x0000016b6983ab10 points into unknown readable memory: 0x00000000eba00000 | 00 00 a0 eb 00 00 00 00


---------------  P R O C E S S  ---------------

Threads class SMR info:
_java_thread_list=0x0000016b7125c310, length=29, elements={
0x0000016b538cd4c0, 0x0000016b69c13f10, 0x0000016b69c15db0, 0x0000016b69be8c10,
0x0000016b69c6b790, 0x0000016b69be9cc0, 0x0000016b69c73e10, 0x0000016b69c74870,
0x0000016b69c583f0, 0x0000016b69c58e90, 0x0000016b6e024430, 0x0000016b6f2097b0,
0x0000016b6fc234e0, 0x0000016b70293530, 0x0000016b6ff918c0, 0x0000016b6ff8f0b0,
0x0000016b6ffc3fa0, 0x0000016b6ffc2b90, 0x0000016b6f29f580, 0x0000016b6f2a02a0,
0x0000016b6f29fc10, 0x0000016b6f29e1d0, 0x0000016b6f29db40, 0x0000016b6f29ce20,
0x0000016b6f29eef0, 0x0000016b6f29e860, 0x0000016b6f35b4f0, 0x0000016b6f358d90,
0x0000016b6f359420
}

Java Threads: ( => current thread )
  0x0000016b538cd4c0 JavaThread "main"                              [_thread_blocked, id=27148, stack(0x0000005e70900000,0x0000005e70a00000) (1024K)]
  0x0000016b69c13f10 JavaThread "Common-Cleaner"             daemon [_thread_blocked, id=21592, stack(0x0000005e71100000,0x0000005e71200000) (1024K)]
  0x0000016b69c15db0 JavaThread "Reference Handler"          daemon [_thread_blocked, id=17092, stack(0x0000005e71200000,0x0000005e71300000) (1024K)]
  0x0000016b69be8c10 JavaThread "Finalizer"                  daemon [_thread_blocked, id=16916, stack(0x0000005e71300000,0x0000005e71400000) (1024K)]
  0x0000016b69c6b790 JavaThread "Signal Dispatcher"          daemon [_thread_blocked, id=6960, stack(0x0000005e71400000,0x0000005e71500000) (1024K)]
  0x0000016b69be9cc0 JavaThread "Attach Listener"            daemon [_thread_blocked, id=25664, stack(0x0000005e71500000,0x0000005e71600000) (1024K)]
  0x0000016b69c73e10 JavaThread "Service Thread"             daemon [_thread_blocked, id=4604, stack(0x0000005e71600000,0x0000005e71700000) (1024K)]
  0x0000016b69c74870 JavaThread "Monitor Deflation Thread"   daemon [_thread_blocked, id=25928, stack(0x0000005e71700000,0x0000005e71800000) (1024K)]
  0x0000016b69c583f0 JavaThread "C2 CompilerThread0"         daemon [_thread_blocked, id=8628, stack(0x0000005e71800000,0x0000005e71900000) (1024K)]
  0x0000016b69c58e90 JavaThread "C1 CompilerThread0"         daemon [_thread_blocked, id=8620, stack(0x0000005e71900000,0x0000005e71a00000) (1024K)]
  0x0000016b6e024430 JavaThread "Notification Thread"        daemon [_thread_blocked, id=24976, stack(0x0000005e71a00000,0x0000005e71b00000) (1024K)]
  0x0000016b6f2097b0 JavaThread "Daemon health stats"               [_thread_blocked, id=2084, stack(0x0000005e72100000,0x0000005e72200000) (1024K)]
  0x0000016b6fc234e0 JavaThread "Incoming local TCP Connector on port 48091"        [_thread_in_native, id=25836, stack(0x0000005e72200000,0x0000005e72300000) (1024K)]
  0x0000016b70293530 JavaThread "Daemon periodic checks"            [_thread_blocked, id=12828, stack(0x0000005e72300000,0x0000005e72400000) (1024K)]
  0x0000016b6ff918c0 JavaThread "Daemon"                            [_thread_blocked, id=4932, stack(0x0000005e72400000,0x0000005e72500000) (1024K)]
  0x0000016b6ff8f0b0 JavaThread "Handler for socket connection from /127.0.0.1:48091 to /127.0.0.1:48092"        [_thread_in_native, id=13380, stack(0x0000005e72500000,0x0000005e72600000) (1024K)]
  0x0000016b6ffc3fa0 JavaThread "Cancel handler"                    [_thread_blocked, id=25156, stack(0x0000005e72600000,0x0000005e72700000) (1024K)]
  0x0000016b6ffc2b90 JavaThread "Daemon worker"                     [_thread_blocked, id=17376, stack(0x0000005e72700000,0x0000005e72800000) (1024K)]
  0x0000016b6f29f580 JavaThread "Asynchronous log dispatcher for DefaultDaemonConnection: socket connection from /127.0.0.1:48091 to /127.0.0.1:48092"        [_thread_blocked, id=18668, stack(0x0000005e72800000,0x0000005e72900000) (1024K)]
  0x0000016b6f2a02a0 JavaThread "Stdin handler"                     [_thread_blocked, id=25716, stack(0x0000005e72900000,0x0000005e72a00000) (1024K)]
  0x0000016b6f29fc10 JavaThread "Daemon client event forwarder"        [_thread_blocked, id=7764, stack(0x0000005e72a00000,0x0000005e72b00000) (1024K)]
  0x0000016b6f29e1d0 JavaThread "Cache worker for journal cache (C:\Users\1\.gradle\caches\journal-1)"        [_thread_blocked, id=12100, stack(0x0000005e72e00000,0x0000005e72f00000) (1024K)]
  0x0000016b6f29db40 JavaThread "File lock request listener"        [_thread_in_native, id=24240, stack(0x0000005e72f00000,0x0000005e73000000) (1024K)]
  0x0000016b6f29ce20 JavaThread "File lock release action executor"        [_thread_blocked, id=13500, stack(0x0000005e73000000,0x0000005e73100000) (1024K)]
  0x0000016b6f29eef0 JavaThread "Cache worker for file hash cache (C:\Users\1\.gradle\caches\9.0-milestone-1\fileHashes)"        [_thread_blocked, id=24648, stack(0x0000005e73100000,0x0000005e73200000) (1024K)]
  0x0000016b6f29e860 JavaThread "Cache worker for file hash cache (D:\ZM\dragontrail\ai\test\countdown-timer\countdown-timer-android\.gradle\9.0-milestone-1\fileHashes)"        [_thread_blocked, id=11156, stack(0x0000005e73200000,0x0000005e73300000) (1024K)]
  0x0000016b6f35b4f0 JavaThread "Cache worker for Build Output Cleanup Cache (D:\ZM\dragontrail\ai\test\countdown-timer\countdown-timer-android\.gradle\buildOutputCleanup)"        [_thread_blocked, id=5320, stack(0x0000005e73300000,0x0000005e73400000) (1024K)]
  0x0000016b6f358d90 JavaThread "File watcher server"        daemon [_thread_in_native, id=14520, stack(0x0000005e71b00000,0x0000005e71c00000) (1024K)]
  0x0000016b6f359420 JavaThread "File watcher consumer"      daemon [_thread_blocked, id=10472, stack(0x0000005e73400000,0x0000005e73500000) (1024K)]
Total: 29

Other Threads:
  0x0000016b699ee330 VMThread "VM Thread"                           [id=9364, stack(0x0000005e71000000,0x0000005e71100000) (1024K)]
  0x0000016b699dfd80 WatcherThread "VM Periodic Task Thread"        [id=3332, stack(0x0000005e70f00000,0x0000005e71000000) (1024K)]
  0x0000016b538fa0b0 WorkerThread "GC Thread#0"                     [id=25772, stack(0x0000005e70a00000,0x0000005e70b00000) (1024K)]
  0x0000016b6e3ae3d0 WorkerThread "GC Thread#1"                     [id=20504, stack(0x0000005e71c00000,0x0000005e71d00000) (1024K)]
  0x0000016b6e1844b0 WorkerThread "GC Thread#2"                     [id=26832, stack(0x0000005e71d00000,0x0000005e71e00000) (1024K)]
  0x0000016b6e22f070 WorkerThread "GC Thread#3"                     [id=26880, stack(0x0000005e71e00000,0x0000005e71f00000) (1024K)]
  0x0000016b6e22f410 WorkerThread "GC Thread#4"                     [id=3916, stack(0x0000005e71f00000,0x0000005e72000000) (1024K)]
=>0x0000016b6e16d720 WorkerThread "GC Thread#5"                     [id=19612, stack(0x0000005e72000000,0x0000005e72100000) (1024K)]
  0x0000016b6feebe40 WorkerThread "GC Thread#6"                     [id=27104, stack(0x0000005e72b00000,0x0000005e72c00000) (1024K)]
  0x0000016b6feec1e0 WorkerThread "GC Thread#7"                     [id=5312, stack(0x0000005e72c00000,0x0000005e72d00000) (1024K)]
  0x0000016b539005f0 ConcurrentGCThread "G1 Main Marker"            [id=19480, stack(0x0000005e70b00000,0x0000005e70c00000) (1024K)]
  0x0000016b51e3b870 WorkerThread "G1 Conc#0"                       [id=8048, stack(0x0000005e70c00000,0x0000005e70d00000) (1024K)]
  0x0000016b6feec580 WorkerThread "G1 Conc#1"                       [id=25980, stack(0x0000005e72d00000,0x0000005e72e00000) (1024K)]
  0x0000016b698b0660 ConcurrentGCThread "G1 Refine#0"               [id=4572, stack(0x0000005e70d00000,0x0000005e70e00000) (1024K)]
  0x0000016b698b1f90 ConcurrentGCThread "G1 Service"                [id=11988, stack(0x0000005e70e00000,0x0000005e70f00000) (1024K)]
Total: 15

Threads with active compile tasks:
Total: 0

VM state: at safepoint (normal execution)

VM Mutex/Monitor currently owned by a thread:  ([mutex/lock_event])
[0x00007ffb674a85b8] Threads_lock - owner thread: 0x0000016b699ee330
[0x00007ffb674a86b8] Heap_lock - owner thread: 0x0000016b6ffc2b90

Heap address: 0x00000000e0000000, size: 512 MB, Compressed Oops mode: 32-bit

CDS archive(s) not mapped
Compressed class space mapped at: 0x0000000100000000-0x0000000114000000, reserved size: 335544320
Narrow klass base: 0x0000000000000000, Narrow klass shift: 3, Narrow klass range: 0x114000000

GC Precious Log:
 CardTable entry size: 512
 Card Set container configuration: InlinePtr #cards 5 size 8 Array Of Cards #cards 12 size 40 Howl #buckets 4 coarsen threshold 1843 Howl Bitmap #cards 512 size 80 coarsen threshold 460 Card regions per heap region 1 cards per card region 2048
 CPUs: 8 total, 8 available
 Memory: 16219M
 Large Page Support: Disabled
 NUMA Support: Disabled
 Compressed Oops: Enabled (32-bit)
 Heap Region Size: 1M
 Heap Min Capacity: 256M
 Heap Initial Capacity: 256M
 Heap Max Capacity: 512M
 Pre-touch: Disabled
 Parallel Workers: 8
 Concurrent Workers: 2
 Concurrent Refinement Workers: 8
 Periodic GC: Disabled

Heap:
 garbage-first heap   total 262144K, used 115868K [0x00000000e0000000, 0x0000000100000000)
  region size 1024K, 108 young (110592K), 14 survivors (14336K)
 Metaspace       used 35178K, committed 35968K, reserved 393216K
  class space    used 4862K, committed 5248K, reserved 327680K

Heap Regions: E=young(eden), S=young(survivor), O=old, HS=humongous(starts), HC=humongous(continues), CS=collection set, F=free, TAMS=top-at-mark-start, PB=parsable bottom
|   0|0x00000000e0000000, 0x00000000e0100000, 0x00000000e0100000|100%|HS|  |TAMS 0x00000000e0100000| PB 0x00000000e0000000| Complete 
|   1|0x00000000e0100000, 0x00000000e0200000, 0x00000000e0200000|100%|HC|  |TAMS 0x00000000e0200000| PB 0x00000000e0100000| Complete 
|   2|0x00000000e0200000, 0x00000000e0300000, 0x00000000e0300000|100%|HC|  |TAMS 0x00000000e0300000| PB 0x00000000e0200000| Complete 
|   3|0x00000000e0300000, 0x00000000e0400000, 0x00000000e0400000|100%| O|  |TAMS 0x00000000e0400000| PB 0x00000000e0300000| Untracked 
|   4|0x00000000e0400000, 0x00000000e0500000, 0x00000000e0500000|100%| O|  |TAMS 0x00000000e0500000| PB 0x00000000e0400000| Untracked 
|   5|0x00000000e0500000, 0x00000000e0600000, 0x00000000e0600000|100%| O|  |TAMS 0x00000000e05e8fc8| PB 0x00000000e0500000| Untracked 
|   6|0x00000000e0600000, 0x00000000e0700000, 0x00000000e0700000|100%|HS|  |TAMS 0x00000000e0700000| PB 0x00000000e0600000| Complete 
|   7|0x00000000e0700000, 0x00000000e0800000, 0x00000000e0800000|100%| O|  |TAMS 0x00000000e0700000| PB 0x00000000e0700000| Untracked 
|   8|0x00000000e0800000, 0x00000000e0900000, 0x00000000e0900000|100%| O|  |TAMS 0x00000000e0800000| PB 0x00000000e0800000| Untracked 
|   9|0x00000000e0900000, 0x00000000e0a00000, 0x00000000e0a00000|100%| O|  |TAMS 0x00000000e0900000| PB 0x00000000e0900000| Untracked 
|  10|0x00000000e0a00000, 0x00000000e0b00000, 0x00000000e0b00000|100%| O|  |TAMS 0x00000000e0a00000| PB 0x00000000e0a00000| Untracked 
|  11|0x00000000e0b00000, 0x00000000e0bd7850, 0x00000000e0c00000| 84%| O|  |TAMS 0x00000000e0b00000| PB 0x00000000e0b00000| Untracked 
|  12|0x00000000e0c00000, 0x00000000e0c00000, 0x00000000e0d00000|  0%| F|  |TAMS 0x00000000e0c00000| PB 0x00000000e0c00000| Untracked 
|  13|0x00000000e0d00000, 0x00000000e0d00000, 0x00000000e0e00000|  0%| F|  |TAMS 0x00000000e0d00000| PB 0x00000000e0d00000| Untracked 
|  14|0x00000000e0e00000, 0x00000000e0e00000, 0x00000000e0f00000|  0%| F|  |TAMS 0x00000000e0e00000| PB 0x00000000e0e00000| Untracked 
|  15|0x00000000e0f00000, 0x00000000e0f00000, 0x00000000e1000000|  0%| F|  |TAMS 0x00000000e0f00000| PB 0x00000000e0f00000| Untracked 
|  16|0x00000000e1000000, 0x00000000e1000000, 0x00000000e1100000|  0%| F|  |TAMS 0x00000000e1000000| PB 0x00000000e1000000| Untracked 
|  17|0x00000000e1100000, 0x00000000e1100000, 0x00000000e1200000|  0%| F|  |TAMS 0x00000000e1100000| PB 0x00000000e1100000| Untracked 
|  18|0x00000000e1200000, 0x00000000e1200000, 0x00000000e1300000|  0%| F|  |TAMS 0x00000000e1200000| PB 0x00000000e1200000| Untracked 
|  19|0x00000000e1300000, 0x00000000e1300000, 0x00000000e1400000|  0%| F|  |TAMS 0x00000000e1300000| PB 0x00000000e1300000| Untracked 
|  20|0x00000000e1400000, 0x00000000e1400000, 0x00000000e1500000|  0%| F|  |TAMS 0x00000000e1400000| PB 0x00000000e1400000| Untracked 
|  21|0x00000000e1500000, 0x00000000e1500000, 0x00000000e1600000|  0%| F|  |TAMS 0x00000000e1500000| PB 0x00000000e1500000| Untracked 
|  22|0x00000000e1600000, 0x00000000e1600000, 0x00000000e1700000|  0%| F|  |TAMS 0x00000000e1600000| PB 0x00000000e1600000| Untracked 
|  23|0x00000000e1700000, 0x00000000e1700000, 0x00000000e1800000|  0%| F|  |TAMS 0x00000000e1700000| PB 0x00000000e1700000| Untracked 
|  24|0x00000000e1800000, 0x00000000e1800000, 0x00000000e1900000|  0%| F|  |TAMS 0x00000000e1800000| PB 0x00000000e1800000| Untracked 
|  25|0x00000000e1900000, 0x00000000e1900000, 0x00000000e1a00000|  0%| F|  |TAMS 0x00000000e1900000| PB 0x00000000e1900000| Untracked 
|  26|0x00000000e1a00000, 0x00000000e1a00000, 0x00000000e1b00000|  0%| F|  |TAMS 0x00000000e1a00000| PB 0x00000000e1a00000| Untracked 
|  27|0x00000000e1b00000, 0x00000000e1b00000, 0x00000000e1c00000|  0%| F|  |TAMS 0x00000000e1b00000| PB 0x00000000e1b00000| Untracked 
|  28|0x00000000e1c00000, 0x00000000e1c00000, 0x00000000e1d00000|  0%| F|  |TAMS 0x00000000e1c00000| PB 0x00000000e1c00000| Untracked 
|  29|0x00000000e1d00000, 0x00000000e1d00000, 0x00000000e1e00000|  0%| F|  |TAMS 0x00000000e1d00000| PB 0x00000000e1d00000| Untracked 
|  30|0x00000000e1e00000, 0x00000000e1e00000, 0x00000000e1f00000|  0%| F|  |TAMS 0x00000000e1e00000| PB 0x00000000e1e00000| Untracked 
|  31|0x00000000e1f00000, 0x00000000e1f00000, 0x00000000e2000000|  0%| F|  |TAMS 0x00000000e1f00000| PB 0x00000000e1f00000| Untracked 
|  32|0x00000000e2000000, 0x00000000e2000000, 0x00000000e2100000|  0%| F|  |TAMS 0x00000000e2000000| PB 0x00000000e2000000| Untracked 
|  33|0x00000000e2100000, 0x00000000e2100000, 0x00000000e2200000|  0%| F|  |TAMS 0x00000000e2100000| PB 0x00000000e2100000| Untracked 
|  34|0x00000000e2200000, 0x00000000e2200000, 0x00000000e2300000|  0%| F|  |TAMS 0x00000000e2200000| PB 0x00000000e2200000| Untracked 
|  35|0x00000000e2300000, 0x00000000e2300000, 0x00000000e2400000|  0%| F|  |TAMS 0x00000000e2300000| PB 0x00000000e2300000| Untracked 
|  36|0x00000000e2400000, 0x00000000e2400000, 0x00000000e2500000|  0%| F|  |TAMS 0x00000000e2400000| PB 0x00000000e2400000| Untracked 
|  37|0x00000000e2500000, 0x00000000e2500000, 0x00000000e2600000|  0%| F|  |TAMS 0x00000000e2500000| PB 0x00000000e2500000| Untracked 
|  38|0x00000000e2600000, 0x00000000e2600000, 0x00000000e2700000|  0%| F|  |TAMS 0x00000000e2600000| PB 0x00000000e2600000| Untracked 
|  39|0x00000000e2700000, 0x00000000e2700000, 0x00000000e2800000|  0%| F|  |TAMS 0x00000000e2700000| PB 0x00000000e2700000| Untracked 
|  40|0x00000000e2800000, 0x00000000e2800000, 0x00000000e2900000|  0%| F|  |TAMS 0x00000000e2800000| PB 0x00000000e2800000| Untracked 
|  41|0x00000000e2900000, 0x00000000e2900000, 0x00000000e2a00000|  0%| F|  |TAMS 0x00000000e2900000| PB 0x00000000e2900000| Untracked 
|  42|0x00000000e2a00000, 0x00000000e2a00000, 0x00000000e2b00000|  0%| F|  |TAMS 0x00000000e2a00000| PB 0x00000000e2a00000| Untracked 
|  43|0x00000000e2b00000, 0x00000000e2b00000, 0x00000000e2c00000|  0%| F|  |TAMS 0x00000000e2b00000| PB 0x00000000e2b00000| Untracked 
|  44|0x00000000e2c00000, 0x00000000e2c00000, 0x00000000e2d00000|  0%| F|  |TAMS 0x00000000e2c00000| PB 0x00000000e2c00000| Untracked 
|  45|0x00000000e2d00000, 0x00000000e2d00000, 0x00000000e2e00000|  0%| F|  |TAMS 0x00000000e2d00000| PB 0x00000000e2d00000| Untracked 
|  46|0x00000000e2e00000, 0x00000000e2e00000, 0x00000000e2f00000|  0%| F|  |TAMS 0x00000000e2e00000| PB 0x00000000e2e00000| Untracked 
|  47|0x00000000e2f00000, 0x00000000e2f00000, 0x00000000e3000000|  0%| F|  |TAMS 0x00000000e2f00000| PB 0x00000000e2f00000| Untracked 
|  48|0x00000000e3000000, 0x00000000e3000000, 0x00000000e3100000|  0%| F|  |TAMS 0x00000000e3000000| PB 0x00000000e3000000| Untracked 
|  49|0x00000000e3100000, 0x00000000e3100000, 0x00000000e3200000|  0%| F|  |TAMS 0x00000000e3100000| PB 0x00000000e3100000| Untracked 
|  50|0x00000000e3200000, 0x00000000e3200000, 0x00000000e3300000|  0%| F|  |TAMS 0x00000000e3200000| PB 0x00000000e3200000| Untracked 
|  51|0x00000000e3300000, 0x00000000e3300000, 0x00000000e3400000|  0%| F|  |TAMS 0x00000000e3300000| PB 0x00000000e3300000| Untracked 
|  52|0x00000000e3400000, 0x00000000e3400000, 0x00000000e3500000|  0%| F|  |TAMS 0x00000000e3400000| PB 0x00000000e3400000| Untracked 
|  53|0x00000000e3500000, 0x00000000e3500000, 0x00000000e3600000|  0%| F|  |TAMS 0x00000000e3500000| PB 0x00000000e3500000| Untracked 
|  54|0x00000000e3600000, 0x00000000e3600000, 0x00000000e3700000|  0%| F|  |TAMS 0x00000000e3600000| PB 0x00000000e3600000| Untracked 
|  55|0x00000000e3700000, 0x00000000e3700000, 0x00000000e3800000|  0%| F|  |TAMS 0x00000000e3700000| PB 0x00000000e3700000| Untracked 
|  56|0x00000000e3800000, 0x00000000e3800000, 0x00000000e3900000|  0%| F|  |TAMS 0x00000000e3800000| PB 0x00000000e3800000| Untracked 
|  57|0x00000000e3900000, 0x00000000e3900000, 0x00000000e3a00000|  0%| F|  |TAMS 0x00000000e3900000| PB 0x00000000e3900000| Untracked 
|  58|0x00000000e3a00000, 0x00000000e3a00000, 0x00000000e3b00000|  0%| F|  |TAMS 0x00000000e3a00000| PB 0x00000000e3a00000| Untracked 
|  59|0x00000000e3b00000, 0x00000000e3b00000, 0x00000000e3c00000|  0%| F|  |TAMS 0x00000000e3b00000| PB 0x00000000e3b00000| Untracked 
|  60|0x00000000e3c00000, 0x00000000e3c00000, 0x00000000e3d00000|  0%| F|  |TAMS 0x00000000e3c00000| PB 0x00000000e3c00000| Untracked 
|  61|0x00000000e3d00000, 0x00000000e3d00000, 0x00000000e3e00000|  0%| F|  |TAMS 0x00000000e3d00000| PB 0x00000000e3d00000| Untracked 
|  62|0x00000000e3e00000, 0x00000000e3e00000, 0x00000000e3f00000|  0%| F|  |TAMS 0x00000000e3e00000| PB 0x00000000e3e00000| Untracked 
|  63|0x00000000e3f00000, 0x00000000e3f00000, 0x00000000e4000000|  0%| F|  |TAMS 0x00000000e3f00000| PB 0x00000000e3f00000| Untracked 
|  64|0x00000000e4000000, 0x00000000e4000000, 0x00000000e4100000|  0%| F|  |TAMS 0x00000000e4000000| PB 0x00000000e4000000| Untracked 
|  65|0x00000000e4100000, 0x00000000e4100000, 0x00000000e4200000|  0%| F|  |TAMS 0x00000000e4100000| PB 0x00000000e4100000| Untracked 
|  66|0x00000000e4200000, 0x00000000e4200000, 0x00000000e4300000|  0%| F|  |TAMS 0x00000000e4200000| PB 0x00000000e4200000| Untracked 
|  67|0x00000000e4300000, 0x00000000e4300000, 0x00000000e4400000|  0%| F|  |TAMS 0x00000000e4300000| PB 0x00000000e4300000| Untracked 
|  68|0x00000000e4400000, 0x00000000e4400000, 0x00000000e4500000|  0%| F|  |TAMS 0x00000000e4400000| PB 0x00000000e4400000| Untracked 
|  69|0x00000000e4500000, 0x00000000e4500000, 0x00000000e4600000|  0%| F|  |TAMS 0x00000000e4500000| PB 0x00000000e4500000| Untracked 
|  70|0x00000000e4600000, 0x00000000e4600000, 0x00000000e4700000|  0%| F|  |TAMS 0x00000000e4600000| PB 0x00000000e4600000| Untracked 
|  71|0x00000000e4700000, 0x00000000e4700000, 0x00000000e4800000|  0%| F|  |TAMS 0x00000000e4700000| PB 0x00000000e4700000| Untracked 
|  72|0x00000000e4800000, 0x00000000e4800000, 0x00000000e4900000|  0%| F|  |TAMS 0x00000000e4800000| PB 0x00000000e4800000| Untracked 
|  73|0x00000000e4900000, 0x00000000e4900000, 0x00000000e4a00000|  0%| F|  |TAMS 0x00000000e4900000| PB 0x00000000e4900000| Untracked 
|  74|0x00000000e4a00000, 0x00000000e4a00000, 0x00000000e4b00000|  0%| F|  |TAMS 0x00000000e4a00000| PB 0x00000000e4a00000| Untracked 
|  75|0x00000000e4b00000, 0x00000000e4b00000, 0x00000000e4c00000|  0%| F|  |TAMS 0x00000000e4b00000| PB 0x00000000e4b00000| Untracked 
|  76|0x00000000e4c00000, 0x00000000e4c00000, 0x00000000e4d00000|  0%| F|  |TAMS 0x00000000e4c00000| PB 0x00000000e4c00000| Untracked 
|  77|0x00000000e4d00000, 0x00000000e4d00000, 0x00000000e4e00000|  0%| F|  |TAMS 0x00000000e4d00000| PB 0x00000000e4d00000| Untracked 
|  78|0x00000000e4e00000, 0x00000000e4e00000, 0x00000000e4f00000|  0%| F|  |TAMS 0x00000000e4e00000| PB 0x00000000e4e00000| Untracked 
|  79|0x00000000e4f00000, 0x00000000e4f00000, 0x00000000e5000000|  0%| F|  |TAMS 0x00000000e4f00000| PB 0x00000000e4f00000| Untracked 
|  80|0x00000000e5000000, 0x00000000e5000000, 0x00000000e5100000|  0%| F|  |TAMS 0x00000000e5000000| PB 0x00000000e5000000| Untracked 
|  81|0x00000000e5100000, 0x00000000e5100000, 0x00000000e5200000|  0%| F|  |TAMS 0x00000000e5100000| PB 0x00000000e5100000| Untracked 
|  82|0x00000000e5200000, 0x00000000e5200000, 0x00000000e5300000|  0%| F|  |TAMS 0x00000000e5200000| PB 0x00000000e5200000| Untracked 
|  83|0x00000000e5300000, 0x00000000e5300000, 0x00000000e5400000|  0%| F|  |TAMS 0x00000000e5300000| PB 0x00000000e5300000| Untracked 
|  84|0x00000000e5400000, 0x00000000e5400000, 0x00000000e5500000|  0%| F|  |TAMS 0x00000000e5400000| PB 0x00000000e5400000| Untracked 
|  85|0x00000000e5500000, 0x00000000e5500000, 0x00000000e5600000|  0%| F|  |TAMS 0x00000000e5500000| PB 0x00000000e5500000| Untracked 
|  86|0x00000000e5600000, 0x00000000e5600000, 0x00000000e5700000|  0%| F|  |TAMS 0x00000000e5600000| PB 0x00000000e5600000| Untracked 
|  87|0x00000000e5700000, 0x00000000e5700000, 0x00000000e5800000|  0%| F|  |TAMS 0x00000000e5700000| PB 0x00000000e5700000| Untracked 
|  88|0x00000000e5800000, 0x00000000e5800000, 0x00000000e5900000|  0%| F|  |TAMS 0x00000000e5800000| PB 0x00000000e5800000| Untracked 
|  89|0x00000000e5900000, 0x00000000e5900000, 0x00000000e5a00000|  0%| F|  |TAMS 0x00000000e5900000| PB 0x00000000e5900000| Untracked 
|  90|0x00000000e5a00000, 0x00000000e5a00000, 0x00000000e5b00000|  0%| F|  |TAMS 0x00000000e5a00000| PB 0x00000000e5a00000| Untracked 
|  91|0x00000000e5b00000, 0x00000000e5b00000, 0x00000000e5c00000|  0%| F|  |TAMS 0x00000000e5b00000| PB 0x00000000e5b00000| Untracked 
|  92|0x00000000e5c00000, 0x00000000e5c00000, 0x00000000e5d00000|  0%| F|  |TAMS 0x00000000e5c00000| PB 0x00000000e5c00000| Untracked 
|  93|0x00000000e5d00000, 0x00000000e5d00000, 0x00000000e5e00000|  0%| F|  |TAMS 0x00000000e5d00000| PB 0x00000000e5d00000| Untracked 
|  94|0x00000000e5e00000, 0x00000000e5e00000, 0x00000000e5f00000|  0%| F|  |TAMS 0x00000000e5e00000| PB 0x00000000e5e00000| Untracked 
|  95|0x00000000e5f00000, 0x00000000e5f00000, 0x00000000e6000000|  0%| F|  |TAMS 0x00000000e5f00000| PB 0x00000000e5f00000| Untracked 
|  96|0x00000000e6000000, 0x00000000e6000000, 0x00000000e6100000|  0%| F|  |TAMS 0x00000000e6000000| PB 0x00000000e6000000| Untracked 
|  97|0x00000000e6100000, 0x00000000e6100000, 0x00000000e6200000|  0%| F|  |TAMS 0x00000000e6100000| PB 0x00000000e6100000| Untracked 
|  98|0x00000000e6200000, 0x00000000e6200000, 0x00000000e6300000|  0%| F|  |TAMS 0x00000000e6200000| PB 0x00000000e6200000| Untracked 
|  99|0x00000000e6300000, 0x00000000e6300000, 0x00000000e6400000|  0%| F|  |TAMS 0x00000000e6300000| PB 0x00000000e6300000| Untracked 
| 100|0x00000000e6400000, 0x00000000e6400000, 0x00000000e6500000|  0%| F|  |TAMS 0x00000000e6400000| PB 0x00000000e6400000| Untracked 
| 101|0x00000000e6500000, 0x00000000e6500000, 0x00000000e6600000|  0%| F|  |TAMS 0x00000000e6500000| PB 0x00000000e6500000| Untracked 
| 102|0x00000000e6600000, 0x00000000e6600000, 0x00000000e6700000|  0%| F|  |TAMS 0x00000000e6600000| PB 0x00000000e6600000| Untracked 
| 103|0x00000000e6700000, 0x00000000e6700000, 0x00000000e6800000|  0%| F|  |TAMS 0x00000000e6700000| PB 0x00000000e6700000| Untracked 
| 104|0x00000000e6800000, 0x00000000e6800000, 0x00000000e6900000|  0%| F|  |TAMS 0x00000000e6800000| PB 0x00000000e6800000| Untracked 
| 105|0x00000000e6900000, 0x00000000e6900000, 0x00000000e6a00000|  0%| F|  |TAMS 0x00000000e6900000| PB 0x00000000e6900000| Untracked 
| 106|0x00000000e6a00000, 0x00000000e6a00000, 0x00000000e6b00000|  0%| F|  |TAMS 0x00000000e6a00000| PB 0x00000000e6a00000| Untracked 
| 107|0x00000000e6b00000, 0x00000000e6b00000, 0x00000000e6c00000|  0%| F|  |TAMS 0x00000000e6b00000| PB 0x00000000e6b00000| Untracked 
| 108|0x00000000e6c00000, 0x00000000e6c00000, 0x00000000e6d00000|  0%| F|  |TAMS 0x00000000e6c00000| PB 0x00000000e6c00000| Untracked 
| 109|0x00000000e6d00000, 0x00000000e6d00000, 0x00000000e6e00000|  0%| F|  |TAMS 0x00000000e6d00000| PB 0x00000000e6d00000| Untracked 
| 110|0x00000000e6e00000, 0x00000000e6e00000, 0x00000000e6f00000|  0%| F|  |TAMS 0x00000000e6e00000| PB 0x00000000e6e00000| Untracked 
| 111|0x00000000e6f00000, 0x00000000e6f00000, 0x00000000e7000000|  0%| F|  |TAMS 0x00000000e6f00000| PB 0x00000000e6f00000| Untracked 
| 112|0x00000000e7000000, 0x00000000e7000000, 0x00000000e7100000|  0%| F|  |TAMS 0x00000000e7000000| PB 0x00000000e7000000| Untracked 
| 113|0x00000000e7100000, 0x00000000e7100000, 0x00000000e7200000|  0%| F|  |TAMS 0x00000000e7100000| PB 0x00000000e7100000| Untracked 
| 114|0x00000000e7200000, 0x00000000e7200000, 0x00000000e7300000|  0%| F|  |TAMS 0x00000000e7200000| PB 0x00000000e7200000| Untracked 
| 115|0x00000000e7300000, 0x00000000e7300000, 0x00000000e7400000|  0%| F|  |TAMS 0x00000000e7300000| PB 0x00000000e7300000| Untracked 
| 116|0x00000000e7400000, 0x00000000e7400000, 0x00000000e7500000|  0%| F|  |TAMS 0x00000000e7400000| PB 0x00000000e7400000| Untracked 
| 117|0x00000000e7500000, 0x00000000e7500000, 0x00000000e7600000|  0%| F|  |TAMS 0x00000000e7500000| PB 0x00000000e7500000| Untracked 
| 118|0x00000000e7600000, 0x00000000e7600000, 0x00000000e7700000|  0%| F|  |TAMS 0x00000000e7600000| PB 0x00000000e7600000| Untracked 
| 119|0x00000000e7700000, 0x00000000e7700000, 0x00000000e7800000|  0%| F|  |TAMS 0x00000000e7700000| PB 0x00000000e7700000| Untracked 
| 120|0x00000000e7800000, 0x00000000e7800000, 0x00000000e7900000|  0%| F|  |TAMS 0x00000000e7800000| PB 0x00000000e7800000| Untracked 
| 121|0x00000000e7900000, 0x00000000e7900000, 0x00000000e7a00000|  0%| F|  |TAMS 0x00000000e7900000| PB 0x00000000e7900000| Untracked 
| 122|0x00000000e7a00000, 0x00000000e7a00000, 0x00000000e7b00000|  0%| F|  |TAMS 0x00000000e7a00000| PB 0x00000000e7a00000| Untracked 
| 123|0x00000000e7b00000, 0x00000000e7b00000, 0x00000000e7c00000|  0%| F|  |TAMS 0x00000000e7b00000| PB 0x00000000e7b00000| Untracked 
| 124|0x00000000e7c00000, 0x00000000e7c00000, 0x00000000e7d00000|  0%| F|  |TAMS 0x00000000e7c00000| PB 0x00000000e7c00000| Untracked 
| 125|0x00000000e7d00000, 0x00000000e7d00000, 0x00000000e7e00000|  0%| F|  |TAMS 0x00000000e7d00000| PB 0x00000000e7d00000| Untracked 
| 126|0x00000000e7e00000, 0x00000000e7e00000, 0x00000000e7f00000|  0%| F|  |TAMS 0x00000000e7e00000| PB 0x00000000e7e00000| Untracked 
| 127|0x00000000e7f00000, 0x00000000e7f00000, 0x00000000e8000000|  0%| F|  |TAMS 0x00000000e7f00000| PB 0x00000000e7f00000| Untracked 
| 128|0x00000000e8000000, 0x00000000e8000000, 0x00000000e8100000|  0%| F|  |TAMS 0x00000000e8000000| PB 0x00000000e8000000| Untracked 
| 129|0x00000000e8100000, 0x00000000e8100000, 0x00000000e8200000|  0%| F|  |TAMS 0x00000000e8100000| PB 0x00000000e8100000| Untracked 
| 130|0x00000000e8200000, 0x00000000e8200000, 0x00000000e8300000|  0%| F|  |TAMS 0x00000000e8200000| PB 0x00000000e8200000| Untracked 
| 131|0x00000000e8300000, 0x00000000e8300000, 0x00000000e8400000|  0%| F|  |TAMS 0x00000000e8300000| PB 0x00000000e8300000| Untracked 
| 132|0x00000000e8400000, 0x00000000e8400000, 0x00000000e8500000|  0%| F|  |TAMS 0x00000000e8400000| PB 0x00000000e8400000| Untracked 
| 133|0x00000000e8500000, 0x00000000e8500000, 0x00000000e8600000|  0%| F|  |TAMS 0x00000000e8500000| PB 0x00000000e8500000| Untracked 
| 134|0x00000000e8600000, 0x00000000e8600000, 0x00000000e8700000|  0%| F|  |TAMS 0x00000000e8600000| PB 0x00000000e8600000| Untracked 
| 135|0x00000000e8700000, 0x00000000e87fe4f0, 0x00000000e8800000| 99%| S|  |TAMS 0x00000000e8700000| PB 0x00000000e8700000| Complete 
| 136|0x00000000e8800000, 0x00000000e8900000, 0x00000000e8900000|100%| S|  |TAMS 0x00000000e8800000| PB 0x00000000e8800000| Complete 
| 137|0x00000000e8900000, 0x00000000e8a00000, 0x00000000e8a00000|100%| S|  |TAMS 0x00000000e8900000| PB 0x00000000e8900000| Complete 
| 138|0x00000000e8a00000, 0x00000000e8b00000, 0x00000000e8b00000|100%| S|  |TAMS 0x00000000e8a00000| PB 0x00000000e8a00000| Complete 
| 139|0x00000000e8b00000, 0x00000000e8c00000, 0x00000000e8c00000|100%| S|  |TAMS 0x00000000e8b00000| PB 0x00000000e8b00000| Complete 
| 140|0x00000000e8c00000, 0x00000000e8d00000, 0x00000000e8d00000|100%| S|  |TAMS 0x00000000e8c00000| PB 0x00000000e8c00000| Complete 
| 141|0x00000000e8d00000, 0x00000000e8e00000, 0x00000000e8e00000|100%| S|  |TAMS 0x00000000e8d00000| PB 0x00000000e8d00000| Complete 
| 142|0x00000000e8e00000, 0x00000000e8f00000, 0x00000000e8f00000|100%| S|  |TAMS 0x00000000e8e00000| PB 0x00000000e8e00000| Complete 
| 143|0x00000000e8f00000, 0x00000000e9000000, 0x00000000e9000000|100%| S|  |TAMS 0x00000000e8f00000| PB 0x00000000e8f00000| Complete 
| 144|0x00000000e9000000, 0x00000000e9100000, 0x00000000e9100000|100%| S|  |TAMS 0x00000000e9000000| PB 0x00000000e9000000| Complete 
| 145|0x00000000e9100000, 0x00000000e9200000, 0x00000000e9200000|100%| S|  |TAMS 0x00000000e9100000| PB 0x00000000e9100000| Complete 
| 146|0x00000000e9200000, 0x00000000e9300000, 0x00000000e9300000|100%| S|  |TAMS 0x00000000e9200000| PB 0x00000000e9200000| Complete 
| 147|0x00000000e9300000, 0x00000000e9400000, 0x00000000e9400000|100%| S|  |TAMS 0x00000000e9300000| PB 0x00000000e9300000| Complete 
| 148|0x00000000e9400000, 0x00000000e9500000, 0x00000000e9500000|100%| S|  |TAMS 0x00000000e9400000| PB 0x00000000e9400000| Complete 
| 149|0x00000000e9500000, 0x00000000e95b53e0, 0x00000000e9600000| 70%| E|CS|TAMS 0x00000000e9500000| PB 0x00000000e9500000| Complete 
| 150|0x00000000e9600000, 0x00000000e9700000, 0x00000000e9700000|100%| E|CS|TAMS 0x00000000e9600000| PB 0x00000000e9600000| Complete 
| 151|0x00000000e9700000, 0x00000000e9800000, 0x00000000e9800000|100%| E|CS|TAMS 0x00000000e9700000| PB 0x00000000e9700000| Complete 
| 152|0x00000000e9800000, 0x00000000e9900000, 0x00000000e9900000|100%| E|CS|TAMS 0x00000000e9800000| PB 0x00000000e9800000| Complete 
| 153|0x00000000e9900000, 0x00000000e9a00000, 0x00000000e9a00000|100%| E|CS|TAMS 0x00000000e9900000| PB 0x00000000e9900000| Complete 
| 154|0x00000000e9a00000, 0x00000000e9b00000, 0x00000000e9b00000|100%| E|CS|TAMS 0x00000000e9a00000| PB 0x00000000e9a00000| Complete 
| 155|0x00000000e9b00000, 0x00000000e9c00000, 0x00000000e9c00000|100%| E|CS|TAMS 0x00000000e9b00000| PB 0x00000000e9b00000| Complete 
| 156|0x00000000e9c00000, 0x00000000e9d00000, 0x00000000e9d00000|100%| E|CS|TAMS 0x00000000e9c00000| PB 0x00000000e9c00000| Complete 
| 157|0x00000000e9d00000, 0x00000000e9e00000, 0x00000000e9e00000|100%| E|CS|TAMS 0x00000000e9d00000| PB 0x00000000e9d00000| Complete 
| 158|0x00000000e9e00000, 0x00000000e9e88fe0, 0x00000000e9f00000| 53%| E|CS|TAMS 0x00000000e9e00000| PB 0x00000000e9e00000| Complete 
| 159|0x00000000e9f00000, 0x00000000ea000000, 0x00000000ea000000|100%| E|CS|TAMS 0x00000000e9f00000| PB 0x00000000e9f00000| Complete 
| 160|0x00000000ea000000, 0x00000000ea100000, 0x00000000ea100000|100%| E|CS|TAMS 0x00000000ea000000| PB 0x00000000ea000000| Complete 
| 161|0x00000000ea100000, 0x00000000ea200000, 0x00000000ea200000|100%| E|CS|TAMS 0x00000000ea100000| PB 0x00000000ea100000| Complete 
| 162|0x00000000ea200000, 0x00000000ea300000, 0x00000000ea300000|100%| E|CS|TAMS 0x00000000ea200000| PB 0x00000000ea200000| Complete 
| 163|0x00000000ea300000, 0x00000000ea400000, 0x00000000ea400000|100%| E|CS|TAMS 0x00000000ea300000| PB 0x00000000ea300000| Complete 
| 164|0x00000000ea400000, 0x00000000ea500000, 0x00000000ea500000|100%| E|CS|TAMS 0x00000000ea400000| PB 0x00000000ea400000| Complete 
| 165|0x00000000ea500000, 0x00000000ea600000, 0x00000000ea600000|100%| E|CS|TAMS 0x00000000ea500000| PB 0x00000000ea500000| Complete 
| 166|0x00000000ea600000, 0x00000000ea700000, 0x00000000ea700000|100%| E|CS|TAMS 0x00000000ea600000| PB 0x00000000ea600000| Complete 
| 167|0x00000000ea700000, 0x00000000ea800000, 0x00000000ea800000|100%| E|CS|TAMS 0x00000000ea700000| PB 0x00000000ea700000| Complete 
| 168|0x00000000ea800000, 0x00000000ea900000, 0x00000000ea900000|100%| E|CS|TAMS 0x00000000ea800000| PB 0x00000000ea800000| Complete 
| 169|0x00000000ea900000, 0x00000000eaa00000, 0x00000000eaa00000|100%| E|CS|TAMS 0x00000000ea900000| PB 0x00000000ea900000| Complete 
| 170|0x00000000eaa00000, 0x00000000eab00000, 0x00000000eab00000|100%| E|CS|TAMS 0x00000000eaa00000| PB 0x00000000eaa00000| Complete 
| 171|0x00000000eab00000, 0x00000000eac00000, 0x00000000eac00000|100%| E|CS|TAMS 0x00000000eab00000| PB 0x00000000eab00000| Complete 
| 172|0x00000000eac00000, 0x00000000ead00000, 0x00000000ead00000|100%| E|CS|TAMS 0x00000000eac00000| PB 0x00000000eac00000| Complete 
| 173|0x00000000ead00000, 0x00000000eae00000, 0x00000000eae00000|100%| E|CS|TAMS 0x00000000ead00000| PB 0x00000000ead00000| Complete 
| 174|0x00000000eae00000, 0x00000000eaf00000, 0x00000000eaf00000|100%| E|CS|TAMS 0x00000000eae00000| PB 0x00000000eae00000| Complete 
| 175|0x00000000eaf00000, 0x00000000eb000000, 0x00000000eb000000|100%| E|CS|TAMS 0x00000000eaf00000| PB 0x00000000eaf00000| Complete 
| 176|0x00000000eb000000, 0x00000000eb100000, 0x00000000eb100000|100%| E|CS|TAMS 0x00000000eb000000| PB 0x00000000eb000000| Complete 
| 177|0x00000000eb100000, 0x00000000eb200000, 0x00000000eb200000|100%| E|CS|TAMS 0x00000000eb100000| PB 0x00000000eb100000| Complete 
| 178|0x00000000eb200000, 0x00000000eb300000, 0x00000000eb300000|100%| E|CS|TAMS 0x00000000eb200000| PB 0x00000000eb200000| Complete 
| 179|0x00000000eb300000, 0x00000000eb400000, 0x00000000eb400000|100%| E|CS|TAMS 0x00000000eb300000| PB 0x00000000eb300000| Complete 
| 180|0x00000000eb400000, 0x00000000eb500000, 0x00000000eb500000|100%| E|CS|TAMS 0x00000000eb400000| PB 0x00000000eb400000| Complete 
| 181|0x00000000eb500000, 0x00000000eb600000, 0x00000000eb600000|100%| E|CS|TAMS 0x00000000eb500000| PB 0x00000000eb500000| Complete 
| 182|0x00000000eb600000, 0x00000000eb700000, 0x00000000eb700000|100%| E|CS|TAMS 0x00000000eb600000| PB 0x00000000eb600000| Complete 
| 183|0x00000000eb700000, 0x00000000eb800000, 0x00000000eb800000|100%| E|CS|TAMS 0x00000000eb700000| PB 0x00000000eb700000| Complete 
| 184|0x00000000eb800000, 0x00000000eb900000, 0x00000000eb900000|100%| E|CS|TAMS 0x00000000eb800000| PB 0x00000000eb800000| Complete 
| 185|0x00000000eb900000, 0x00000000eba00000, 0x00000000eba00000|100%| E|CS|TAMS 0x00000000eb900000| PB 0x00000000eb900000| Complete 
| 186|0x00000000eba00000, 0x00000000ebb00000, 0x00000000ebb00000|100%| E|CS|TAMS 0x00000000eba00000| PB 0x00000000eba00000| Complete 
| 187|0x00000000ebb00000, 0x00000000ebc00000, 0x00000000ebc00000|100%| E|CS|TAMS 0x00000000ebb00000| PB 0x00000000ebb00000| Complete 
| 188|0x00000000ebc00000, 0x00000000ebd00000, 0x00000000ebd00000|100%| E|CS|TAMS 0x00000000ebc00000| PB 0x00000000ebc00000| Complete 
| 189|0x00000000ebd00000, 0x00000000ebe00000, 0x00000000ebe00000|100%| E|CS|TAMS 0x00000000ebd00000| PB 0x00000000ebd00000| Complete 
| 190|0x00000000ebe00000, 0x00000000ebf00000, 0x00000000ebf00000|100%| E|CS|TAMS 0x00000000ebe00000| PB 0x00000000ebe00000| Complete 
| 191|0x00000000ebf00000, 0x00000000ec000000, 0x00000000ec000000|100%| E|CS|TAMS 0x00000000ebf00000| PB 0x00000000ebf00000| Complete 
| 192|0x00000000ec000000, 0x00000000ec100000, 0x00000000ec100000|100%| E|CS|TAMS 0x00000000ec000000| PB 0x00000000ec000000| Complete 
| 193|0x00000000ec100000, 0x00000000ec200000, 0x00000000ec200000|100%| E|CS|TAMS 0x00000000ec100000| PB 0x00000000ec100000| Complete 
| 194|0x00000000ec200000, 0x00000000ec300000, 0x00000000ec300000|100%| E|CS|TAMS 0x00000000ec200000| PB 0x00000000ec200000| Complete 
| 195|0x00000000ec300000, 0x00000000ec400000, 0x00000000ec400000|100%| E|CS|TAMS 0x00000000ec300000| PB 0x00000000ec300000| Complete 
| 196|0x00000000ec400000, 0x00000000ec500000, 0x00000000ec500000|100%| E|CS|TAMS 0x00000000ec400000| PB 0x00000000ec400000| Complete 
| 197|0x00000000ec500000, 0x00000000ec600000, 0x00000000ec600000|100%| E|CS|TAMS 0x00000000ec500000| PB 0x00000000ec500000| Complete 
| 198|0x00000000ec600000, 0x00000000ec700000, 0x00000000ec700000|100%| E|CS|TAMS 0x00000000ec600000| PB 0x00000000ec600000| Complete 
| 199|0x00000000ec700000, 0x00000000ec800000, 0x00000000ec800000|100%| E|CS|TAMS 0x00000000ec700000| PB 0x00000000ec700000| Complete 
| 200|0x00000000ec800000, 0x00000000ec900000, 0x00000000ec900000|100%| E|CS|TAMS 0x00000000ec800000| PB 0x00000000ec800000| Complete 
| 201|0x00000000ec900000, 0x00000000eca00000, 0x00000000eca00000|100%| E|CS|TAMS 0x00000000ec900000| PB 0x00000000ec900000| Complete 
| 202|0x00000000eca00000, 0x00000000ecb00000, 0x00000000ecb00000|100%| E|CS|TAMS 0x00000000eca00000| PB 0x00000000eca00000| Complete 
| 203|0x00000000ecb00000, 0x00000000ecc00000, 0x00000000ecc00000|100%| E|CS|TAMS 0x00000000ecb00000| PB 0x00000000ecb00000| Complete 
| 204|0x00000000ecc00000, 0x00000000ecd00000, 0x00000000ecd00000|100%| E|CS|TAMS 0x00000000ecc00000| PB 0x00000000ecc00000| Complete 
| 205|0x00000000ecd00000, 0x00000000ece00000, 0x00000000ece00000|100%| E|CS|TAMS 0x00000000ecd00000| PB 0x00000000ecd00000| Complete 
| 206|0x00000000ece00000, 0x00000000ecf00000, 0x00000000ecf00000|100%| E|CS|TAMS 0x00000000ece00000| PB 0x00000000ece00000| Complete 
| 207|0x00000000ecf00000, 0x00000000ed000000, 0x00000000ed000000|100%| E|CS|TAMS 0x00000000ecf00000| PB 0x00000000ecf00000| Complete 
| 208|0x00000000ed000000, 0x00000000ed100000, 0x00000000ed100000|100%| E|CS|TAMS 0x00000000ed000000| PB 0x00000000ed000000| Complete 
| 209|0x00000000ed100000, 0x00000000ed200000, 0x00000000ed200000|100%| E|CS|TAMS 0x00000000ed100000| PB 0x00000000ed100000| Complete 
| 210|0x00000000ed200000, 0x00000000ed300000, 0x00000000ed300000|100%| E|CS|TAMS 0x00000000ed200000| PB 0x00000000ed200000| Complete 
| 211|0x00000000ed300000, 0x00000000ed400000, 0x00000000ed400000|100%| E|CS|TAMS 0x00000000ed300000| PB 0x00000000ed300000| Complete 
| 212|0x00000000ed400000, 0x00000000ed500000, 0x00000000ed500000|100%| E|CS|TAMS 0x00000000ed400000| PB 0x00000000ed400000| Complete 
| 213|0x00000000ed500000, 0x00000000ed600000, 0x00000000ed600000|100%| E|CS|TAMS 0x00000000ed500000| PB 0x00000000ed500000| Complete 
| 214|0x00000000ed600000, 0x00000000ed700000, 0x00000000ed700000|100%| E|CS|TAMS 0x00000000ed600000| PB 0x00000000ed600000| Complete 
| 215|0x00000000ed700000, 0x00000000ed800000, 0x00000000ed800000|100%| E|CS|TAMS 0x00000000ed700000| PB 0x00000000ed700000| Complete 
| 216|0x00000000ed800000, 0x00000000ed900000, 0x00000000ed900000|100%| E|CS|TAMS 0x00000000ed800000| PB 0x00000000ed800000| Complete 
| 217|0x00000000ed900000, 0x00000000eda00000, 0x00000000eda00000|100%| E|CS|TAMS 0x00000000ed900000| PB 0x00000000ed900000| Complete 
| 218|0x00000000eda00000, 0x00000000edb00000, 0x00000000edb00000|100%| E|CS|TAMS 0x00000000eda00000| PB 0x00000000eda00000| Complete 
| 219|0x00000000edb00000, 0x00000000edc00000, 0x00000000edc00000|100%| E|CS|TAMS 0x00000000edb00000| PB 0x00000000edb00000| Complete 
| 220|0x00000000edc00000, 0x00000000edd00000, 0x00000000edd00000|100%| E|CS|TAMS 0x00000000edc00000| PB 0x00000000edc00000| Complete 
| 221|0x00000000edd00000, 0x00000000ede00000, 0x00000000ede00000|100%| E|CS|TAMS 0x00000000edd00000| PB 0x00000000edd00000| Complete 
| 222|0x00000000ede00000, 0x00000000edf00000, 0x00000000edf00000|100%| E|CS|TAMS 0x00000000ede00000| PB 0x00000000ede00000| Complete 
| 223|0x00000000edf00000, 0x00000000ee000000, 0x00000000ee000000|100%| E|CS|TAMS 0x00000000edf00000| PB 0x00000000edf00000| Complete 
| 224|0x00000000ee000000, 0x00000000ee100000, 0x00000000ee100000|100%| E|CS|TAMS 0x00000000ee000000| PB 0x00000000ee000000| Complete 
| 225|0x00000000ee100000, 0x00000000ee200000, 0x00000000ee200000|100%| E|CS|TAMS 0x00000000ee100000| PB 0x00000000ee100000| Complete 
| 226|0x00000000ee200000, 0x00000000ee300000, 0x00000000ee300000|100%| E|CS|TAMS 0x00000000ee200000| PB 0x00000000ee200000| Complete 
| 227|0x00000000ee300000, 0x00000000ee400000, 0x00000000ee400000|100%| E|CS|TAMS 0x00000000ee300000| PB 0x00000000ee300000| Complete 
| 228|0x00000000ee400000, 0x00000000ee500000, 0x00000000ee500000|100%| E|CS|TAMS 0x00000000ee400000| PB 0x00000000ee400000| Complete 
| 229|0x00000000ee500000, 0x00000000ee600000, 0x00000000ee600000|100%| E|CS|TAMS 0x00000000ee500000| PB 0x00000000ee500000| Complete 
| 230|0x00000000ee600000, 0x00000000ee700000, 0x00000000ee700000|100%| E|CS|TAMS 0x00000000ee600000| PB 0x00000000ee600000| Complete 
| 231|0x00000000ee700000, 0x00000000ee800000, 0x00000000ee800000|100%| E|CS|TAMS 0x00000000ee700000| PB 0x00000000ee700000| Complete 
| 232|0x00000000ee800000, 0x00000000ee900000, 0x00000000ee900000|100%| E|CS|TAMS 0x00000000ee800000| PB 0x00000000ee800000| Complete 
| 233|0x00000000ee900000, 0x00000000eea00000, 0x00000000eea00000|100%| E|CS|TAMS 0x00000000ee900000| PB 0x00000000ee900000| Complete 
| 234|0x00000000eea00000, 0x00000000eeb00000, 0x00000000eeb00000|100%| E|CS|TAMS 0x00000000eea00000| PB 0x00000000eea00000| Complete 
| 235|0x00000000eeb00000, 0x00000000eec00000, 0x00000000eec00000|100%| E|CS|TAMS 0x00000000eeb00000| PB 0x00000000eeb00000| Complete 
| 236|0x00000000eec00000, 0x00000000eed00000, 0x00000000eed00000|100%| E|CS|TAMS 0x00000000eec00000| PB 0x00000000eec00000| Complete 
| 237|0x00000000eed00000, 0x00000000eee00000, 0x00000000eee00000|100%| E|CS|TAMS 0x00000000eed00000| PB 0x00000000eed00000| Complete 
| 238|0x00000000eee00000, 0x00000000eef00000, 0x00000000eef00000|100%| E|CS|TAMS 0x00000000eee00000| PB 0x00000000eee00000| Complete 
| 239|0x00000000eef00000, 0x00000000ef000000, 0x00000000ef000000|100%| E|CS|TAMS 0x00000000eef00000| PB 0x00000000eef00000| Complete 
| 240|0x00000000ef000000, 0x00000000ef100000, 0x00000000ef100000|100%| E|CS|TAMS 0x00000000ef000000| PB 0x00000000ef000000| Complete 
| 241|0x00000000ef100000, 0x00000000ef200000, 0x00000000ef200000|100%| E|CS|TAMS 0x00000000ef100000| PB 0x00000000ef100000| Complete 
| 242|0x00000000ef200000, 0x00000000ef300000, 0x00000000ef300000|100%| E|CS|TAMS 0x00000000ef200000| PB 0x00000000ef200000| Complete 
| 243|0x00000000ef300000, 0x00000000ef400000, 0x00000000ef400000|100%| E|CS|TAMS 0x00000000ef300000| PB 0x00000000ef300000| Complete 
| 244|0x00000000ef400000, 0x00000000ef500000, 0x00000000ef500000|100%| E|CS|TAMS 0x00000000ef400000| PB 0x00000000ef400000| Complete 
| 245|0x00000000ef500000, 0x00000000ef600000, 0x00000000ef600000|100%| E|CS|TAMS 0x00000000ef500000| PB 0x00000000ef500000| Complete 
| 246|0x00000000ef600000, 0x00000000ef700000, 0x00000000ef700000|100%| E|CS|TAMS 0x00000000ef600000| PB 0x00000000ef600000| Complete 
| 247|0x00000000ef700000, 0x00000000ef800000, 0x00000000ef800000|100%| E|CS|TAMS 0x00000000ef700000| PB 0x00000000ef700000| Complete 
| 248|0x00000000ef800000, 0x00000000ef900000, 0x00000000ef900000|100%| E|CS|TAMS 0x00000000ef800000| PB 0x00000000ef800000| Complete 
| 249|0x00000000ef900000, 0x00000000efa00000, 0x00000000efa00000|100%| E|CS|TAMS 0x00000000ef900000| PB 0x00000000ef900000| Complete 
| 250|0x00000000efa00000, 0x00000000efb00000, 0x00000000efb00000|100%| E|CS|TAMS 0x00000000efa00000| PB 0x00000000efa00000| Complete 
| 251|0x00000000efb00000, 0x00000000efc00000, 0x00000000efc00000|100%| E|CS|TAMS 0x00000000efb00000| PB 0x00000000efb00000| Complete 
| 252|0x00000000efc00000, 0x00000000efd00000, 0x00000000efd00000|100%| E|CS|TAMS 0x00000000efc00000| PB 0x00000000efc00000| Complete 
| 253|0x00000000efd00000, 0x00000000efe00000, 0x00000000efe00000|100%| E|CS|TAMS 0x00000000efd00000| PB 0x00000000efd00000| Complete 
| 254|0x00000000efe00000, 0x00000000eff00000, 0x00000000eff00000|100%| E|CS|TAMS 0x00000000efe00000| PB 0x00000000efe00000| Complete 
| 255|0x00000000eff00000, 0x00000000f0000000, 0x00000000f0000000|100%| E|CS|TAMS 0x00000000eff00000| PB 0x00000000eff00000| Complete 

Card table byte_map: [0x0000016b66660000,0x0000016b66760000] _byte_map_base: 0x0000016b65f60000

Marking Bits: (CMBitMap*) 0x0000016b538faed0
 Bits: [0x0000016b66760000, 0x0000016b66f60000)

Polling page: 0x0000016b51ff0000

Metaspace:

Usage:
  Non-class:     29.61 MB used.
      Class:      4.75 MB used.
       Both:     34.35 MB used.

Virtual space:
  Non-class space:       64.00 MB reserved,      30.00 MB ( 47%) committed,  1 nodes.
      Class space:      320.00 MB reserved,       5.12 MB (  2%) committed,  1 nodes.
             Both:      384.00 MB reserved,      35.12 MB (  9%) committed. 

Chunk freelists:
   Non-Class:  1.88 MB
       Class:  10.92 MB
        Both:  12.80 MB

MaxMetaspaceSize: 384.00 MB
CompressedClassSpaceSize: 320.00 MB
Initial GC threshold: 21.00 MB
Current GC threshold: 35.12 MB
CDS: off
 - commit_granule_bytes: 65536.
 - commit_granule_words: 8192.
 - virtual_space_node_default_size: 8388608.
 - enlarge_chunks_in_place: 1.
 - use_allocation_guard: 0.


Internal statistics:

num_allocs_failed_limit: 6.
num_arena_births: 1378.
num_arena_deaths: 0.
num_vsnodes_births: 2.
num_vsnodes_deaths: 0.
num_space_committed: 562.
num_space_uncommitted: 0.
num_chunks_returned_to_freelist: 6.
num_chunks_taken_from_freelist: 2507.
num_chunk_merges: 6.
num_chunk_splits: 1619.
num_chunks_enlarged: 1021.
num_inconsistent_stats: 0.

CodeHeap 'non-profiled nmethods': size=120000Kb used=1962Kb max_used=1962Kb free=118037Kb
 bounds [0x0000016b5e5d0000, 0x0000016b5e840000, 0x0000016b65b00000]
CodeHeap 'profiled nmethods': size=120000Kb used=6648Kb max_used=6648Kb free=113351Kb
 bounds [0x0000016b56b00000, 0x0000016b57180000, 0x0000016b5e030000]
CodeHeap 'non-nmethods': size=5760Kb used=1489Kb max_used=1584Kb free=4270Kb
 bounds [0x0000016b5e030000, 0x0000016b5e2a0000, 0x0000016b5e5d0000]
CodeCache: size=245760Kb, used=10099Kb, max_used=10194Kb, free=235658Kb
 total_blobs=3909, nmethods=3327, adapters=486, full_count=0
Compilation: enabled, stopped_count=0, restarted_count=0

Compilation events (20 events):
Event: 8.982 Thread 0x0000016b69c58e90 3318   !   3       java.util.concurrent.locks.AbstractQueuedSynchronizer::acquire (424 bytes)
Event: 8.986 Thread 0x0000016b69c58e90 nmethod 3318 0x0000016b57178510 code [0x0000016b571788e0, 0x0000016b5717a210]
Event: 8.991 Thread 0x0000016b69c58e90 3319   !   3       java.lang.invoke.MethodHandles$Lookup::canBeCached (150 bytes)
Event: 8.994 Thread 0x0000016b69c58e90 nmethod 3319 0x0000016b5717aa90 code [0x0000016b5717adc0, 0x0000016b5717c060]
Event: 8.996 Thread 0x0000016b69c583f0 3320       4       jdk.internal.org.objectweb.asm.ByteVector::enlarge (73 bytes)
Event: 8.999 Thread 0x0000016b69c58e90 3322       3       java.lang.Class::protectionDomain (48 bytes)
Event: 9.000 Thread 0x0000016b69c58e90 nmethod 3322 0x0000016b5717c790 code [0x0000016b5717c9e0, 0x0000016b5717d058]
Event: 9.001 Thread 0x0000016b69c583f0 nmethod 3320 0x0000016b5e7b7f10 code [0x0000016b5e7b80c0, 0x0000016b5e7b8518]
Event: 9.003 Thread 0x0000016b69c583f0 3323       4       java.lang.invoke.MethodHandle::<init> (37 bytes)
Event: 9.006 Thread 0x0000016b69c58e90 3325       3       java.util.stream.ReferencePipeline::forEachWithCancel (23 bytes)
Event: 9.007 Thread 0x0000016b69c58e90 nmethod 3325 0x0000016b5717d290 code [0x0000016b5717d460, 0x0000016b5717d7f0]
Event: 9.007 Thread 0x0000016b69c58e90 3324       3       java.util.stream.AbstractPipeline::copyIntoWithCancel (46 bytes)
Event: 9.007 Thread 0x0000016b69c58e90 nmethod 3324 0x0000016b5717d910 code [0x0000016b5717db00, 0x0000016b5717dfd8]
Event: 9.010 Thread 0x0000016b69c583f0 nmethod 3323 0x0000016b5e7b8690 code [0x0000016b5e7b8840, 0x0000016b5e7b8bf8]
Event: 9.010 Thread 0x0000016b69c583f0 3326       4       java.util.zip.ZipFile::getZipEntry (322 bytes)
Event: 9.018 Thread 0x0000016b69c58e90 3327       1       org.gradle.internal.event.DefaultListenerManager::access$100 (5 bytes)
Event: 9.018 Thread 0x0000016b69c58e90 nmethod 3327 0x0000016b5e7b8e10 code [0x0000016b5e7b8fa0, 0x0000016b5e7b9050]
Event: 9.047 Thread 0x0000016b69c583f0 nmethod 3326 0x0000016b5e7b9110 code [0x0000016b5e7b9320, 0x0000016b5e7ba040]
Event: 9.052 Thread 0x0000016b69c583f0 3328       4       com.google.common.collect.AbstractIndexedListIterator::hasNext (17 bytes)
Event: 9.053 Thread 0x0000016b69c583f0 nmethod 3328 0x0000016b5e7ba890 code [0x0000016b5e7baa20, 0x0000016b5e7baab8]

GC Heap History (7 events):
Event: 1.182 GC heap before
{Heap before GC invocations=0 (full 0):
 garbage-first heap   total 262144K, used 23552K [0x00000000e0000000, 0x0000000100000000)
  region size 1024K, 23 young (23552K), 0 survivors (0K)
 Metaspace       used 7633K, committed 7808K, reserved 393216K
  class space    used 705K, committed 768K, reserved 327680K
}
Event: 1.218 GC heap after
{Heap after GC invocations=1 (full 0):
 garbage-first heap   total 262144K, used 1749K [0x00000000e0000000, 0x0000000100000000)
  region size 1024K, 2 young (2048K), 2 survivors (2048K)
 Metaspace       used 7633K, committed 7808K, reserved 393216K
  class space    used 705K, committed 768K, reserved 327680K
}
Event: 3.150 GC heap before
{Heap before GC invocations=1 (full 0):
 garbage-first heap   total 262144K, used 40661K [0x00000000e0000000, 0x0000000100000000)
  region size 1024K, 38 young (38912K), 2 survivors (2048K)
 Metaspace       used 12339K, committed 12544K, reserved 393216K
  class space    used 1346K, committed 1408K, reserved 327680K
}
Event: 3.159 GC heap after
{Heap after GC invocations=2 (full 0):
 garbage-first heap   total 262144K, used 11171K [0x00000000e0000000, 0x0000000100000000)
  region size 1024K, 5 young (5120K), 5 survivors (5120K)
 Metaspace       used 12339K, committed 12544K, reserved 393216K
  class space    used 1346K, committed 1408K, reserved 327680K
}
Event: 5.661 GC heap before
{Heap before GC invocations=2 (full 0):
 garbage-first heap   total 262144K, used 94115K [0x00000000e0000000, 0x0000000100000000)
  region size 1024K, 85 young (87040K), 5 survivors (5120K)
 Metaspace       used 21208K, committed 21504K, reserved 393216K
  class space    used 2518K, committed 2624K, reserved 327680K
}
Event: 5.674 GC heap after
{Heap after GC invocations=3 (full 0):
 garbage-first heap   total 262144K, used 19911K [0x00000000e0000000, 0x0000000100000000)
  region size 1024K, 13 young (13312K), 13 survivors (13312K)
 Metaspace       used 21208K, committed 21504K, reserved 393216K
  class space    used 2518K, committed 2624K, reserved 327680K
}
Event: 9.061 GC heap before
{Heap before GC invocations=4 (full 0):
 garbage-first heap   total 262144K, used 114119K [0x00000000e0000000, 0x0000000100000000)
  region size 1024K, 107 young (109568K), 13 survivors (13312K)
 Metaspace       used 35178K, committed 35968K, reserved 393216K
  class space    used 4862K, committed 5248K, reserved 327680K
}

Dll operation events (3 events):
Event: 0.020 Loaded shared library D:\anrdoi\jbr\bin\java.dll
Event: 0.034 Loaded shared library D:\anrdoi\jbr\bin\zip.dll
Event: 1.988 Loaded shared library D:\anrdoi\jbr\bin\verify.dll

Deoptimization events (20 events):
Event: 7.990 Thread 0x0000016b6ffc2b90 Uncommon trap: trap_request=0xffffff45 fr.pc=0x0000016b5e7462c0 relative=0x00000000000002e0
Event: 7.990 Thread 0x0000016b6ffc2b90 Uncommon trap: reason=unstable_if action=reinterpret pc=0x0000016b5e7462c0 method=java.util.HashMap.getNode(Ljava/lang/Object;)Ljava/util/HashMap$Node; @ 131 c2
Event: 7.990 Thread 0x0000016b6ffc2b90 DEOPT PACKING pc=0x0000016b5e7462c0 sp=0x0000005e727fb430
Event: 7.991 Thread 0x0000016b6ffc2b90 DEOPT UNPACKING pc=0x0000016b5e0846a2 sp=0x0000005e727fb3b0 mode 2
Event: 8.288 Thread 0x0000016b6ffc2b90 Uncommon trap: trap_request=0xffffff45 fr.pc=0x0000016b5e732708 relative=0x0000000000000cc8
Event: 8.288 Thread 0x0000016b6ffc2b90 Uncommon trap: reason=unstable_if action=reinterpret pc=0x0000016b5e732708 method=jdk.internal.org.objectweb.asm.SymbolTable.addType(Ljava/lang/String;)I @ 33 c2
Event: 8.288 Thread 0x0000016b6ffc2b90 DEOPT PACKING pc=0x0000016b5e732708 sp=0x0000005e727fa910
Event: 8.288 Thread 0x0000016b6ffc2b90 DEOPT UNPACKING pc=0x0000016b5e0846a2 sp=0x0000005e727fa848 mode 2
Event: 8.289 Thread 0x0000016b6ffc2b90 Uncommon trap: trap_request=0xffffff45 fr.pc=0x0000016b5e709c04 relative=0x00000000000003a4
Event: 8.289 Thread 0x0000016b6ffc2b90 Uncommon trap: reason=unstable_if action=reinterpret pc=0x0000016b5e709c04 method=jdk.internal.org.objectweb.asm.SymbolTable.addType(Ljava/lang/String;)I @ 33 c2
Event: 8.289 Thread 0x0000016b6ffc2b90 DEOPT PACKING pc=0x0000016b5e709c04 sp=0x0000005e727fa950
Event: 8.289 Thread 0x0000016b6ffc2b90 DEOPT UNPACKING pc=0x0000016b5e0846a2 sp=0x0000005e727fa8d8 mode 2
Event: 8.439 Thread 0x0000016b6ffc2b90 Uncommon trap: trap_request=0xffffffde fr.pc=0x0000016b5e7052cc relative=0x00000000000001ac
Event: 8.439 Thread 0x0000016b6ffc2b90 Uncommon trap: reason=class_check action=maybe_recompile pc=0x0000016b5e7052cc method=java.lang.String.equals(Ljava/lang/Object;)Z @ 8 c2
Event: 8.439 Thread 0x0000016b6ffc2b90 DEOPT PACKING pc=0x0000016b5e7052cc sp=0x0000005e727fa0e0
Event: 8.439 Thread 0x0000016b6ffc2b90 DEOPT UNPACKING pc=0x0000016b5e0846a2 sp=0x0000005e727fa078 mode 2
Event: 8.915 Thread 0x0000016b6ffc2b90 Uncommon trap: trap_request=0xffffff76 fr.pc=0x0000016b5e79af20 relative=0x00000000000001e0
Event: 8.915 Thread 0x0000016b6ffc2b90 Uncommon trap: reason=predicate action=maybe_recompile pc=0x0000016b5e79af20 method=com.google.common.base.CharMatcher.indexIn(Ljava/lang/CharSequence;I)I @ 19 c2
Event: 8.915 Thread 0x0000016b6ffc2b90 DEOPT PACKING pc=0x0000016b5e79af20 sp=0x0000005e727faee0
Event: 8.915 Thread 0x0000016b6ffc2b90 DEOPT UNPACKING pc=0x0000016b5e0846a2 sp=0x0000005e727fae70 mode 2

Classes loaded (20 events):
Event: 8.415 Loading class java/util/zip/DeflaterOutputStream done
Event: 8.415 Loading class java/util/zip/GZIPOutputStream done
Event: 8.415 Loading class java/util/zip/GZIPInputStream
Event: 8.415 Loading class java/util/zip/GZIPInputStream done
Event: 8.417 Loading class java/io/UnsupportedEncodingException
Event: 8.417 Loading class java/io/UnsupportedEncodingException done
Event: 8.479 Loading class java/util/Collections$SingletonMap
Event: 8.479 Loading class java/util/Collections$SingletonMap done
Event: 8.885 Loading class java/util/function/UnaryOperator
Event: 8.886 Loading class java/util/function/UnaryOperator done
Event: 8.905 Loading class java/util/concurrent/TimeoutException
Event: 8.905 Loading class java/util/concurrent/TimeoutException done
Event: 8.905 Loading class java/util/concurrent/CancellationException
Event: 8.905 Loading class java/util/concurrent/CancellationException done
Event: 8.982 Loading class java/util/concurrent/locks/AbstractQueuedSynchronizer$SharedNode
Event: 8.982 Loading class java/util/concurrent/locks/AbstractQueuedSynchronizer$SharedNode done
Event: 8.992 Loading class java/io/InterruptedIOException
Event: 8.993 Loading class java/io/InterruptedIOException done
Event: 9.004 Loading class java/util/ArrayDeque$DeqSpliterator
Event: 9.004 Loading class java/util/ArrayDeque$DeqSpliterator done

Classes unloaded (0 events):
No events

Classes redefined (0 events):
No events

Internal exceptions (20 events):
Event: 6.787 Thread 0x0000016b6ffc2b90 Exception <a 'java/lang/NoSuchMethodError'{0x00000000edcfd8f8}: 'java.lang.Object java.lang.invoke.DirectMethodHandle$Holder.invokeStatic(java.lang.Object, java.lang.Object, java.lang.Object, java.lang.Object, java.lang.Object, java.lang.Object, java.lang.Object, java.lang.Object, java.lang.Object, java.lang.Object, java.lang.Object, java.lang.Object, java.lang.Object, java.lang.Object, java.lang.Object, java.lang.Object, java.lang.Object, java.lang.Object, java.lang.Object, java.lang.Object, java.lang.Obj
Event: 6.791 Thread 0x0000016b6ffc2b90 Exception <a 'java/lang/NoSuchMethodError'{0x00000000edb30628}: 'java.lang.Object java.lang.invoke.DirectMethodHandle$Holder.invokeStatic(java.lang.Object, java.lang.Object, java.lang.Object, java.lang.Object, java.lang.Object, java.lang.Object, java.lang.Object, java.lang.Object, java.lang.Object, java.lang.Object, java.lang.Object, java.lang.Object, java.lang.Object, java.lang.Object, java.lang.Object, java.lang.Object, java.lang.Object, java.lang.Object, java.lang.Object, java.lang.Object, java.lang.Obj
Event: 6.853 Thread 0x0000016b6ffc2b90 Exception <a 'java/lang/IncompatibleClassChangeError'{0x00000000eda6f988}: Found class java.lang.Object, but interface was expected> (0x00000000eda6f988) 
thrown [s\src\hotspot\share\interpreter\linkResolver.cpp, line 851]
Event: 7.358 Thread 0x0000016b6ffc2b90 Exception <a 'java/lang/IncompatibleClassChangeError'{0x00000000ecfdab50}: Found class java.lang.Object, but interface was expected> (0x00000000ecfdab50) 
thrown [s\src\hotspot\share\interpreter\linkResolver.cpp, line 851]
Event: 7.365 Thread 0x0000016b6ffc2b90 Exception <a 'java/lang/NoSuchMethodError'{0x00000000ece07c60}: 'java.lang.Object java.lang.invoke.DirectMethodHandle$Holder.newInvokeSpecial(java.lang.Object, java.lang.Object, java.lang.Object, java.lang.Object, java.lang.Object, java.lang.Object, java.lang.Object, java.lang.Object, java.lang.Object, java.lang.Object)'> (0x00000000ece07c60) 
thrown [s\src\hotspot\share\interpreter\linkResolver.cpp, line 784]
Event: 7.562 Thread 0x0000016b6ffc2b90 Exception <a 'java/lang/NoSuchMethodError'{0x00000000ecbfdac8}: 'java.lang.Object java.lang.invoke.DirectMethodHandle$Holder.invokeVirtual(java.lang.Object, java.lang.Object, java.lang.Object, java.lang.Object, java.lang.Object, java.lang.Object, java.lang.Object, java.lang.Object, java.lang.Object, java.lang.Object, java.lang.Object)'> (0x00000000ecbfdac8) 
thrown [s\src\hotspot\share\interpreter\linkResolver.cpp, line 784]
Event: 7.673 Thread 0x0000016b6ffc2b90 Exception <a 'java/lang/NoSuchMethodError'{0x00000000ec603070}: 'void java.lang.invoke.DirectMethodHandle$Holder.invokeVirtual(java.lang.Object, java.lang.Object, java.lang.Object, java.lang.Object, java.lang.Object)'> (0x00000000ec603070) 
thrown [s\src\hotspot\share\interpreter\linkResolver.cpp, line 784]
Event: 7.864 Thread 0x0000016b6ffc2b90 Exception <a 'java/lang/NoSuchMethodError'{0x00000000ec0bf7f8}: 'java.lang.Object java.lang.invoke.DirectMethodHandle$Holder.invokeVirtual(java.lang.Object, java.lang.Object, java.lang.Object, java.lang.Object, java.lang.Object, java.lang.Object, java.lang.Object, java.lang.Object, java.lang.Object, java.lang.Object, java.lang.Object, java.lang.Object, java.lang.Object, java.lang.Object, java.lang.Object, java.lang.Object, java.lang.Object, java.lang.Object, java.lang.Object, java.lang.Object, java.lang.Ob
Event: 8.015 Thread 0x0000016b6ffc2b90 Exception <a 'java/lang/NoSuchMethodError'{0x00000000ebc9b778}: 'java.lang.Object java.lang.invoke.DirectMethodHandle$Holder.newInvokeSpecial(java.lang.Object, java.lang.Object, java.lang.Object, java.lang.Object, java.lang.Object, java.lang.Object, java.lang.Object)'> (0x00000000ebc9b778) 
thrown [s\src\hotspot\share\interpreter\linkResolver.cpp, line 784]
Event: 8.515 Thread 0x0000016b6ffc2b90 Exception <a 'java/lang/NoSuchMethodError'{0x00000000eb104b00}: 'java.lang.Object java.lang.invoke.DirectMethodHandle$Holder.invokeSpecial(java.lang.Object, java.lang.Object, java.lang.Object, java.lang.Object, java.lang.Object, java.lang.Object, java.lang.Object, java.lang.Object, java.lang.Object, java.lang.Object, java.lang.Object, java.lang.Object, java.lang.Object, java.lang.Object, java.lang.Object, java.lang.Object, java.lang.Object, java.lang.Object, java.lang.Object, java.lang.Object, java.lang.Ob
Event: 8.516 Thread 0x0000016b6ffc2b90 Exception <a 'java/lang/NoSuchMethodError'{0x00000000eb10a638}: 'java.lang.Object java.lang.invoke.DelegatingMethodHandle$Holder.reinvoke_L(java.lang.Object, java.lang.Object, java.lang.Object, java.lang.Object, java.lang.Object, java.lang.Object, java.lang.Object, java.lang.Object, java.lang.Object, java.lang.Object, java.lang.Object, java.lang.Object, java.lang.Object, java.lang.Object, java.lang.Object, java.lang.Object, java.lang.Object, java.lang.Object, java.lang.Object, java.lang.Object, java.lang.O
Event: 8.517 Thread 0x0000016b6ffc2b90 Exception <a 'java/lang/NoSuchMethodError'{0x00000000eb115e80}: 'java.lang.Object java.lang.invoke.DirectMethodHandle$Holder.invokeSpecial(java.lang.Object, java.lang.Object, java.lang.Object, java.lang.Object, java.lang.Object, java.lang.Object, java.lang.Object, java.lang.Object, java.lang.Object, java.lang.Object, java.lang.Object, java.lang.Object, java.lang.Object, java.lang.Object, java.lang.Object, java.lang.Object, java.lang.Object, java.lang.Object, java.lang.Object, java.lang.Object, java.lang.Ob
Event: 8.517 Thread 0x0000016b6ffc2b90 Exception <a 'java/lang/NoSuchMethodError'{0x00000000eb11b800}: 'java.lang.Object java.lang.invoke.Invokers$Holder.invoker(java.lang.Object, java.lang.Object, java.lang.Object, java.lang.Object, java.lang.Object, java.lang.Object, java.lang.Object, java.lang.Object, java.lang.Object, java.lang.Object, java.lang.Object, java.lang.Object, java.lang.Object, java.lang.Object, java.lang.Object, java.lang.Object, java.lang.Object, java.lang.Object, java.lang.Object, java.lang.Object, java.lang.Object, java.lang.
Event: 8.518 Thread 0x0000016b6ffc2b90 Exception <a 'java/lang/NoSuchMethodError'{0x00000000eb121b80}: 'java.lang.Object java.lang.invoke.DelegatingMethodHandle$Holder.delegate(java.lang.Object, java.lang.Object, java.lang.Object, java.lang.Object, java.lang.Object, java.lang.Object, java.lang.Object, java.lang.Object, java.lang.Object, java.lang.Object, java.lang.Object, java.lang.Object, java.lang.Object, java.lang.Object, java.lang.Object, java.lang.Object, java.lang.Object, java.lang.Object, java.lang.Object, java.lang.Object, java.lang.Obj
Event: 8.568 Thread 0x0000016b6ffc2b90 Exception <a 'java/lang/NoSuchMethodError'{0x00000000eaf45098}: 'java.lang.Object java.lang.invoke.DirectMethodHandle$Holder.invokeStaticInit(java.lang.Object, java.lang.Object, java.lang.Object, java.lang.Object)'> (0x00000000eaf45098) 
thrown [s\src\hotspot\share\interpreter\linkResolver.cpp, line 784]
Event: 8.653 Thread 0x0000016b6ffc2b90 Exception <a 'java/lang/NoSuchMethodError'{0x00000000eaee34d0}: 'java.lang.Object java.lang.invoke.DirectMethodHandle$Holder.newInvokeSpecial(java.lang.Object, java.lang.Object, java.lang.Object, java.lang.Object, java.lang.Object, java.lang.Object, java.lang.Object, java.lang.Object)'> (0x00000000eaee34d0) 
thrown [s\src\hotspot\share\interpreter\linkResolver.cpp, line 784]
Event: 8.718 Thread 0x0000016b6ffc2b90 Exception <a 'java/lang/NoSuchMethodError'{0x00000000eadb9180}: 'java.lang.Object java.lang.invoke.DirectMethodHandle$Holder.invokeVirtual(java.lang.Object, java.lang.Object, java.lang.Object, java.lang.Object, java.lang.Object, java.lang.Object, java.lang.Object, java.lang.Object, java.lang.Object, java.lang.Object, java.lang.Object, java.lang.Object, java.lang.Object)'> (0x00000000eadb9180) 
thrown [s\src\hotspot\share\interpreter\linkResolver.cpp, line 784]
Event: 8.719 Thread 0x0000016b6ffc2b90 Exception <a 'java/lang/NoSuchMethodError'{0x00000000eadbe410}: 'java.lang.Object java.lang.invoke.DirectMethodHandle$Holder.invokeSpecial(java.lang.Object, java.lang.Object, java.lang.Object, java.lang.Object, java.lang.Object, java.lang.Object, java.lang.Object, java.lang.Object, java.lang.Object, java.lang.Object, java.lang.Object, java.lang.Object, java.lang.Object, java.lang.Object)'> (0x00000000eadbe410) 
thrown [s\src\hotspot\share\interpreter\linkResolver.cpp, line 784]
Event: 8.720 Thread 0x0000016b6ffc2b90 Exception <a 'java/lang/NoSuchMethodError'{0x00000000eadc3160}: 'java.lang.Object java.lang.invoke.DelegatingMethodHandle$Holder.reinvoke_L(java.lang.Object, java.lang.Object, java.lang.Object, java.lang.Object, java.lang.Object, java.lang.Object, java.lang.Object, java.lang.Object, java.lang.Object, java.lang.Object, java.lang.Object, java.lang.Object, java.lang.Object)'> (0x00000000eadc3160) 
thrown [s\src\hotspot\share\interpreter\linkResolver.cpp, line 784]
Event: 8.872 Thread 0x0000016b6ffc2b90 Exception <a 'java/lang/NoSuchMethodError'{0x00000000e9a29230}: 'java.lang.Object java.lang.invoke.DirectMethodHandle$Holder.newInvokeSpecial(java.lang.Object, java.lang.Object, java.lang.Object, java.lang.Object, java.lang.Object, java.lang.Object, java.lang.Object, java.lang.Object, java.lang.Object)'> (0x00000000e9a29230) 
thrown [s\src\hotspot\share\interpreter\linkResolver.cpp, line 784]

ZGC Phase Switch (0 events):
No events

VM Operations (20 events):
Event: 5.674 Executing VM operation: CollectForMetadataAllocation (Metadata GC Threshold) done
Event: 5.683 Executing VM operation: G1PauseRemark
Event: 5.686 Executing VM operation: G1PauseRemark done
Event: 5.689 Executing VM operation: G1PauseCleanup
Event: 5.689 Executing VM operation: G1PauseCleanup done
Event: 6.328 Executing VM operation: HandshakeAllThreads (Deoptimize)
Event: 6.329 Executing VM operation: HandshakeAllThreads (Deoptimize) done
Event: 6.806 Executing VM operation: HandshakeAllThreads (Deoptimize)
Event: 6.806 Executing VM operation: HandshakeAllThreads (Deoptimize) done
Event: 6.806 Executing VM operation: Cleanup
Event: 6.807 Executing VM operation: Cleanup done
Event: 6.808 Executing VM operation: HandshakeAllThreads (Deoptimize)
Event: 6.808 Executing VM operation: HandshakeAllThreads (Deoptimize) done
Event: 7.820 Executing VM operation: Cleanup
Event: 7.821 Executing VM operation: Cleanup done
Event: 8.830 Executing VM operation: Cleanup
Event: 8.830 Executing VM operation: Cleanup done
Event: 9.052 Executing VM operation: HandshakeAllThreads (Deoptimize)
Event: 9.052 Executing VM operation: HandshakeAllThreads (Deoptimize) done
Event: 9.061 Executing VM operation: CollectForMetadataAllocation (Metadata GC Threshold)

Memory protections (0 events):
No events

Nmethod flushes (0 events):
No events

Events (20 events):
Event: 5.449 Thread 0x0000016b6fc234e0 Thread added: 0x0000016b6ff918c0
Event: 5.454 Thread 0x0000016b6ff918c0 Thread added: 0x0000016b6ff8f0b0
Event: 5.527 Thread 0x0000016b6ff918c0 Thread added: 0x0000016b6ffc3fa0
Event: 5.542 Thread 0x0000016b6ff918c0 Thread added: 0x0000016b6ffc2b90
Event: 5.560 Thread 0x0000016b6ffc2b90 Thread added: 0x0000016b6f29f580
Event: 5.571 Thread 0x0000016b6ffc2b90 Thread added: 0x0000016b6f2a02a0
Event: 5.575 Thread 0x0000016b6ffc2b90 Thread added: 0x0000016b6f29fc10
Event: 6.032 Thread 0x0000016b6e189c60 Thread exited: 0x0000016b6e189c60
Event: 6.327 Thread 0x0000016b69c583f0 Thread added: 0x0000016b6f5436d0
Event: 6.329 Thread 0x0000016b6ffc2b90 Thread added: 0x0000016b6f29e1d0
Event: 6.343 Thread 0x0000016b6ffc2b90 Thread added: 0x0000016b6f29db40
Event: 6.379 Thread 0x0000016b6f29db40 Thread added: 0x0000016b6f29ce20
Event: 6.406 Thread 0x0000016b6ffc2b90 Thread added: 0x0000016b6f29eef0
Event: 6.785 Thread 0x0000016b69c58e90 Thread added: 0x0000016b6fdfe8b0
Event: 7.970 Thread 0x0000016b6fdfe8b0 Thread exited: 0x0000016b6fdfe8b0
Event: 8.452 Thread 0x0000016b6ffc2b90 Thread added: 0x0000016b6f29e860
Event: 8.487 Thread 0x0000016b6ffc2b90 Thread added: 0x0000016b6f35b4f0
Event: 8.665 Thread 0x0000016b6f5436d0 Thread exited: 0x0000016b6f5436d0
Event: 8.982 Thread 0x0000016b6ffc2b90 Thread added: 0x0000016b6f358d90
Event: 8.996 Thread 0x0000016b6ffc2b90 Thread added: 0x0000016b6f359420


Dynamic libraries:
0x00007ff608fb0000 - 0x00007ff608fba000 	D:\anrdoi\jbr\bin\java.exe
0x00007ffbe7fb0000 - 0x00007ffbe8205000 	C:\WINDOWS\SYSTEM32\ntdll.dll
0x00007ffbe70e0000 - 0x00007ffbe71a7000 	C:\WINDOWS\System32\KERNEL32.DLL
0x00007ffbe58a0000 - 0x00007ffbe5c40000 	C:\WINDOWS\System32\KERNELBASE.dll
0x00007ffbe5530000 - 0x00007ffbe567a000 	C:\WINDOWS\System32\ucrtbase.dll
0x00007ffbc83b0000 - 0x00007ffbc83c8000 	D:\anrdoi\jbr\bin\jli.dll
0x00007ffbd4ba0000 - 0x00007ffbd4bbb000 	D:\anrdoi\jbr\bin\VCRUNTIME140.dll
0x00007ffbe6050000 - 0x00007ffbe620f000 	C:\WINDOWS\System32\USER32.dll
0x00007ffbca2e0000 - 0x00007ffbca570000 	C:\WINDOWS\WinSxS\amd64_microsoft.windows.common-controls_6595b64144ccf1df_6.0.26100.1_none_fc2d3fda0fd46076\COMCTL32.dll
0x00007ffbe5e40000 - 0x00007ffbe5e67000 	C:\WINDOWS\System32\win32u.dll
0x00007ffbe7ec0000 - 0x00007ffbe7f69000 	C:\WINDOWS\System32\msvcrt.dll
0x00007ffbe76c0000 - 0x00007ffbe76ea000 	C:\WINDOWS\System32\GDI32.dll
0x00007ffbe5400000 - 0x00007ffbe5521000 	C:\WINDOWS\System32\gdi32full.dll
0x00007ffbe5d90000 - 0x00007ffbe5e33000 	C:\WINDOWS\System32\msvcp_win.dll
0x00007ffbe6fb0000 - 0x00007ffbe6fdf000 	C:\WINDOWS\System32\IMM32.DLL
0x00007ffbdd1e0000 - 0x00007ffbdd1ec000 	D:\anrdoi\jbr\bin\vcruntime140_1.dll
0x00007ffb682c0000 - 0x00007ffb6834d000 	D:\anrdoi\jbr\bin\msvcp140.dll
0x00007ffb668f0000 - 0x00007ffb67586000 	D:\anrdoi\jbr\bin\server\jvm.dll
0x00007ffbe7270000 - 0x00007ffbe7322000 	C:\WINDOWS\System32\ADVAPI32.dll
0x00007ffbe7790000 - 0x00007ffbe7836000 	C:\WINDOWS\System32\sechost.dll
0x00007ffbe7840000 - 0x00007ffbe7959000 	C:\WINDOWS\System32\RPCRT4.dll
0x00007ffbe7b30000 - 0x00007ffbe7ba4000 	C:\WINDOWS\System32\WS2_32.dll
0x00007ffbe48f0000 - 0x00007ffbe493e000 	C:\WINDOWS\SYSTEM32\POWRPROF.dll
0x00007ffbcc320000 - 0x00007ffbcc356000 	C:\WINDOWS\SYSTEM32\WINMM.dll
0x00007ffbd2120000 - 0x00007ffbd212b000 	C:\WINDOWS\SYSTEM32\VERSION.dll
0x00007ffbe48a0000 - 0x00007ffbe48b4000 	C:\WINDOWS\SYSTEM32\UMPDC.dll
0x00007ffbe42e0000 - 0x00007ffbe42fa000 	C:\WINDOWS\SYSTEM32\kernel.appcore.dll
0x00007ffbd3970000 - 0x00007ffbd397a000 	D:\anrdoi\jbr\bin\jimage.dll
0x00007ffbdfd90000 - 0x00007ffbdffd1000 	C:\WINDOWS\SYSTEM32\DBGHELP.DLL
0x00007ffbe7330000 - 0x00007ffbe76a5000 	C:\WINDOWS\System32\combase.dll
0x00007ffbe6960000 - 0x00007ffbe6a36000 	C:\WINDOWS\System32\OLEAUT32.dll
0x00007ffbc0920000 - 0x00007ffbc0959000 	C:\WINDOWS\SYSTEM32\dbgcore.DLL
0x00007ffbe5680000 - 0x00007ffbe5719000 	C:\WINDOWS\System32\bcryptPrimitives.dll
0x00007ffbcdb50000 - 0x00007ffbcdb5e000 	D:\anrdoi\jbr\bin\instrument.dll
0x00007ffbd3360000 - 0x00007ffbd3380000 	D:\anrdoi\jbr\bin\java.dll
0x00007ffbd3340000 - 0x00007ffbd3358000 	D:\anrdoi\jbr\bin\zip.dll
0x00007ffbe6270000 - 0x00007ffbe6956000 	C:\WINDOWS\System32\SHELL32.dll
0x00007ffbe32a0000 - 0x00007ffbe3acb000 	C:\WINDOWS\SYSTEM32\windows.storage.dll
0x00007ffbe7de0000 - 0x00007ffbe7eb3000 	C:\WINDOWS\System32\SHCORE.dll
0x00007ffbe6a40000 - 0x00007ffbe6a9d000 	C:\WINDOWS\System32\shlwapi.dll
0x00007ffbe5320000 - 0x00007ffbe5344000 	C:\WINDOWS\SYSTEM32\profapi.dll
0x00007ffbd3960000 - 0x00007ffbd3970000 	D:\anrdoi\jbr\bin\net.dll
0x00007ffbdc480000 - 0x00007ffbdc59d000 	C:\WINDOWS\SYSTEM32\WINHTTP.dll
0x00007ffbe4830000 - 0x00007ffbe4898000 	C:\WINDOWS\system32\mswsock.dll
0x00007ffbd3320000 - 0x00007ffbd3336000 	D:\anrdoi\jbr\bin\nio.dll
0x00007ffbd0ab0000 - 0x00007ffbd0ac0000 	D:\anrdoi\jbr\bin\verify.dll
0x00007ffb82be0000 - 0x00007ffb82c07000 	C:\Users\1\.gradle\native\1def1411415f61bf3af743bc5b6707747c0891f09f0c88961ee8f79bc544acac\windows-amd64\native-platform.dll
0x00007ffb74740000 - 0x00007ffb747b8000 	C:\Users\1\.gradle\native\0.2.7\x86_64-windows-gnu\gradle-fileevents.dll
0x00007ffbd3280000 - 0x00007ffbd3289000 	D:\anrdoi\jbr\bin\management.dll
0x00007ffbd3270000 - 0x00007ffbd327b000 	D:\anrdoi\jbr\bin\management_ext.dll
0x00007ffbe71b0000 - 0x00007ffbe71b8000 	C:\WINDOWS\System32\PSAPI.DLL
0x00007ffbe3de0000 - 0x00007ffbe3e10000 	C:\WINDOWS\SYSTEM32\IPHLPAPI.DLL
0x00007ffbe7780000 - 0x00007ffbe778a000 	C:\WINDOWS\System32\NSI.dll
0x00007ffbd3310000 - 0x00007ffbd3319000 	D:\anrdoi\jbr\bin\extnet.dll
0x00007ffbe4b30000 - 0x00007ffbe4b4c000 	C:\WINDOWS\SYSTEM32\CRYPTSP.dll
0x00007ffbe4240000 - 0x00007ffbe4278000 	C:\WINDOWS\system32\rsaenh.dll
0x00007ffbe4950000 - 0x00007ffbe497b000 	C:\WINDOWS\SYSTEM32\USERENV.dll
0x00007ffbe4d70000 - 0x00007ffbe4d96000 	C:\WINDOWS\SYSTEM32\bcrypt.dll
0x00007ffbe4b50000 - 0x00007ffbe4b5c000 	C:\WINDOWS\SYSTEM32\CRYPTBASE.dll
0x00007ffbd32f0000 - 0x00007ffbd32f8000 	C:\WINDOWS\system32\wshunix.dll

JVMTI agents:
C:\Users\1\.gradle\wrapper\dists\gradle-9.0-milestone-1-bin\3vdepk4s12bybhohyuvjcm1bd\gradle-9.0-milestone-1\lib\agents\gradle-instrumentation-agent-9.0.jar path:D:\anrdoi\jbr\bin\instrument.dll, loaded, initialized, instrumentlib options:none

dbghelp: loaded successfully - version: 4.0.5 - missing functions: none
symbol engine: initialized successfully - sym options: 0x614 - pdb path: .;D:\anrdoi\jbr\bin;C:\WINDOWS\SYSTEM32;C:\WINDOWS\WinSxS\amd64_microsoft.windows.common-controls_6595b64144ccf1df_6.0.26100.1_none_fc2d3fda0fd46076;D:\anrdoi\jbr\bin\server;C:\Users\1\.gradle\native\1def1411415f61bf3af743bc5b6707747c0891f09f0c88961ee8f79bc544acac\windows-amd64;C:\Users\1\.gradle\native\0.2.7\x86_64-windows-gnu

VM Arguments:
jvm_args: --add-opens=java.base/java.lang=ALL-UNNAMED --add-opens=java.base/java.lang.invoke=ALL-UNNAMED --add-opens=java.base/java.util=ALL-UNNAMED --add-opens=java.prefs/java.util.prefs=ALL-UNNAMED --add-exports=jdk.compiler/com.sun.tools.javac.api=ALL-UNNAMED --add-exports=jdk.compiler/com.sun.tools.javac.util=ALL-UNNAMED --add-opens=java.base/java.util=ALL-UNNAMED --add-opens=java.prefs/java.util.prefs=ALL-UNNAMED --add-opens=java.base/java.nio.charset=ALL-UNNAMED --add-opens=java.base/java.net=ALL-UNNAMED --add-opens=java.base/java.util.concurrent.atomic=ALL-UNNAMED --add-opens=java.xml/javax.xml.namespace=ALL-UNNAMED -XX:MaxMetaspaceSize=384m -XX:+HeapDumpOnOutOfMemoryError -Xms256m -Xmx512m -Dfile.encoding=UTF-8 -Duser.country=CN -Duser.language=zh -Duser.variant -javaagent:C:\Users\1\.gradle\wrapper\dists\gradle-9.0-milestone-1-bin\3vdepk4s12bybhohyuvjcm1bd\gradle-9.0-milestone-1\lib\agents\gradle-instrumentation-agent-9.0.jar 
java_command: org.gradle.launcher.daemon.bootstrap.GradleDaemon 9.0-milestone-1
java_class_path (initial): C:\Users\1\.gradle\wrapper\dists\gradle-9.0-milestone-1-bin\3vdepk4s12bybhohyuvjcm1bd\gradle-9.0-milestone-1\lib\gradle-daemon-main-9.0.jar
Launcher Type: SUN_STANDARD

[Global flags]
     intx CICompilerCount                          = 4                                         {product} {ergonomic}
   size_t CompressedClassSpaceSize                 = 335544320                                 {product} {ergonomic}
     uint ConcGCThreads                            = 2                                         {product} {ergonomic}
     uint G1ConcRefinementThreads                  = 8                                         {product} {ergonomic}
   size_t G1HeapRegionSize                         = 1048576                                   {product} {ergonomic}
    uintx GCDrainStackTargetSize                   = 64                                        {product} {ergonomic}
     bool HeapDumpOnOutOfMemoryError               = true                                   {manageable} {command line}
   size_t InitialHeapSize                          = 268435456                                 {product} {command line}
   size_t MarkStackSize                            = 4194304                                   {product} {ergonomic}
   size_t MaxHeapSize                              = 536870912                                 {product} {command line}
   size_t MaxMetaspaceSize                         = 402653184                                 {product} {command line}
   size_t MaxNewSize                               = 321912832                                 {product} {ergonomic}
   size_t MinHeapDeltaBytes                        = 1048576                                   {product} {ergonomic}
   size_t MinHeapSize                              = 268435456                                 {product} {command line}
    uintx NonNMethodCodeHeapSize                   = 5839372                                {pd product} {ergonomic}
    uintx NonProfiledCodeHeapSize                  = 122909434                              {pd product} {ergonomic}
    uintx ProfiledCodeHeapSize                     = 122909434                              {pd product} {ergonomic}
    uintx ReservedCodeCacheSize                    = 251658240                              {pd product} {ergonomic}
     bool SegmentedCodeCache                       = true                                      {product} {ergonomic}
   size_t SoftMaxHeapSize                          = 536870912                              {manageable} {ergonomic}
     bool UseCompressedOops                        = true                           {product lp64_product} {ergonomic}
     bool UseG1GC                                  = true                                      {product} {ergonomic}
     bool UseLargePagesIndividualAllocation        = false                                  {pd product} {ergonomic}

Logging:
Log output configuration:
 #0: stdout all=warning uptime,level,tags foldmultilines=false
 #1: stderr all=off uptime,level,tags foldmultilines=false

Environment Variables:
PATH=C:\Windows\system32;C:\Windows;C:\Windows\System32\Wbem;C:\Windows\System32\WindowsPowerShell\v1.0\;C:\Windows\System32\OpenSSH\;C:\Program Files (x86)\NVIDIA Corporation\PhysX\Common;C:\Program Files\NVIDIA Corporation\NVIDIA NvDLISR;D:\vivo\pcsuite\;C:\Program Files (x86)\Microsoft SQL Server\160\Tools\Binn\;C:\Program Files\Microsoft SQL Server\160\Tools\Binn\;C:\Program Files\Microsoft SQL Server\Client SDK\ODBC\170\Tools\Binn\;C:\Program Files\Microsoft SQL Server\160\DTS\Binn\;C:\WINDOWS\system32;C:\WINDOWS;C:\WINDOWS\System32\Wbem;C:\WINDOWS\System32\WindowsPowerShell\v1.0\;C:\WINDOWS\System32\OpenSSH\;D:\Git\cmd;C:\Users\1\.local\bin;C:\Users\1\AppData\Local\Microsoft\WindowsApps;C:\Users\1\AppData\Local\Programs\Microsoft VS Code\bin;C:\Users\1\AppData\Local\Python\bin;D:\cursor\resources\app\bin
USERNAME=1
OS=Windows_NT
PROCESSOR_IDENTIFIER=Intel64 Family 6 Model 142 Stepping 12, GenuineIntel
TMP=C:\Users\1\AppData\Local\Temp
TEMP=C:\Users\1\AppData\Local\Temp




Periodic native trim disabled

JNI global refs:
JNI global refs: 25, weak refs: 0

JNI global refs memory usage: 835, weak refs: 833

Process memory usage:
Resident Set Size: 290312K (1% of 16608660K total physical memory with 2344820K free physical memory)

OOME stack traces (most recent first):
Classloader memory used:
Loader bootstrap                                                                       : 17327K
Loader org.gradle.internal.classloader.VisitableURLClassLoader                         : 15347K
Loader org.gradle.initialization.MixInLegacyTypesClassLoader                           : 2108K
Loader jdk.internal.loader.ClassLoaders$AppClassLoader                                 : 238K
Loader jdk.internal.loader.ClassLoaders$PlatformClassLoader                            : 156K

Classes loaded by more than one classloader:
Class org.gradle.internal.classloader.FilteringClassLoader                            : loaded 2 times (x 105B)
Class org.gradle.internal.classloader.ClassLoaderHierarchy                            : loaded 2 times (x 70B)
Class org.gradle.api.internal.classpath.ManifestUtil                                  : loaded 2 times (x 71B)
Class org.gradle.internal.classloader.DefaultClassLoaderFactory                       : loaded 2 times (x 82B)
Class org.gradle.internal.classloader.ClassLoaderVisitor                              : loaded 2 times (x 76B)
Class org.gradle.api.internal.classpath.EffectiveClassPath                            : loaded 2 times (x 90B)
Class org.gradle.api.internal.DefaultClassPathProvider                                : loaded 2 times (x 76B)
Class [Lorg.gradle.api.internal.ClassPathProvider;                                    : loaded 2 times (x 69B)
Class org.gradle.api.internal.ClassPathProvider                                       : loaded 2 times (x 70B)
Class org.gradle.internal.service.UnknownServiceException                             : loaded 2 times (x 83B)
Class org.gradle.internal.classpath.TransformedClassPath                              : loaded 2 times (x 96B)
Class org.gradle.internal.classloader.InstrumentingClassLoader                        : loaded 2 times (x 70B)
Class org.gradle.internal.service.ServiceLocator                                      : loaded 2 times (x 70B)
Class org.gradle.internal.InternalTransformer                                         : loaded 2 times (x 70B)
Class org.gradle.internal.classloader.ClasspathUtil$1                                 : loaded 2 times (x 76B)
Class org.gradle.api.internal.classpath.DefaultModuleRegistry$DefaultModule           : loaded 2 times (x 86B)
Class org.gradle.api.internal.classpath.Module                                        : loaded 2 times (x 70B)
Class org.gradle.api.internal.classpath.UnknownModuleException                        : loaded 2 times (x 82B)
Class org.gradle.api.internal.DefaultClassPathRegistry                                : loaded 2 times (x 76B)
Class org.gradle.api.internal.ClassPathRegistry                                       : loaded 2 times (x 70B)
Class org.gradle.internal.classpath.DefaultClassPath$ImmutableUniqueList              : loaded 2 times (x 199B)
Class org.gradle.internal.classpath.ClassPath                                         : loaded 2 times (x 70B)
Class org.gradle.api.UncheckedIOException                                             : loaded 2 times (x 82B)
Class org.gradle.internal.installation.GradleInstallation$1                           : loaded 2 times (x 75B)
Class org.gradle.api.internal.classpath.ModuleRegistry                                : loaded 2 times (x 70B)
Class org.gradle.api.internal.classpath.DefaultModuleRegistry                         : loaded 2 times (x 86B)
Class org.gradle.internal.service.ServiceLookupException                              : loaded 2 times (x 82B)
Class org.gradle.internal.classloader.ClassLoaderFactory                              : loaded 2 times (x 70B)
Class org.gradle.internal.service.CachingServiceLocator                               : loaded 2 times (x 82B)
Class org.gradle.internal.classloader.ClasspathUtil                                   : loaded 2 times (x 71B)
Class org.gradle.api.specs.Spec                                                       : loaded 2 times (x 70B)
Class org.gradle.internal.classloader.VisitableURLClassLoader$InstrumentingVisitableURLClassLoader: loaded 2 times (x 123B)
Class org.gradle.internal.classloader.VisitableURLClassLoader$Spec                    : loaded 2 times (x 74B)
Class org.gradle.internal.classpath.DefaultClassPath                                  : loaded 2 times (x 90B)
Class org.gradle.internal.classloader.ClassLoaderSpec                                 : loaded 2 times (x 71B)
Class org.gradle.internal.classloader.VisitableURLClassLoader                         : loaded 2 times (x 117B)
Class org.gradle.internal.Cast                                                        : loaded 2 times (x 71B)
Class org.gradle.api.Action                                                           : loaded 2 times (x 70B)
Class org.gradle.internal.classpath.DefaultClassPath$ImmutableUniqueList$Builder      : loaded 2 times (x 75B)
Class org.gradle.api.GradleException                                                  : loaded 2 times (x 82B)
Class org.gradle.internal.IoActions                                                   : loaded 2 times (x 71B)
Class org.gradle.internal.classloader.SystemClassLoaderSpec                           : loaded 2 times (x 71B)
Class org.gradle.api.internal.classpath.GlobalCacheRootsProvider                      : loaded 2 times (x 70B)
Class org.gradle.internal.installation.CurrentGradleInstallationLocator               : loaded 2 times (x 71B)
Class org.gradle.internal.service.DefaultServiceLocator                               : loaded 2 times (x 83B)
Class org.gradle.internal.installation.CurrentGradleInstallation                      : loaded 2 times (x 73B)
Class org.gradle.util.internal.GUtil                                                  : loaded 2 times (x 71B)
Class org.gradle.internal.installation.GradleInstallation                             : loaded 2 times (x 75B)

---------------  S Y S T E M  ---------------

OS:
 Windows 11 , 64 bit Build 26100 (10.0.26100.1)
OS uptime: 0 days 4:36 hours

CPU: total 8 (initial active 8) (4 cores per cpu, 2 threads per core) family 6 model 142 stepping 12 microcode 0xde, cx8, cmov, fxsr, ht, mmx, 3dnowpref, sse, sse2, sse3, ssse3, sse4.1, sse4.2, popcnt, lzcnt, tsc, tscinvbit, avx, avx2, aes, erms, clmul, bmi1, bmi2, adx, fma, vzeroupper, clflush, clflushopt, rdtscp, f16c
Processor Information for the first 8 processors :
  Max Mhz: 2112, Current Mhz: 1609, Mhz Limit: 1605

Memory: 4k page, system-wide physical 16219M (2290M free)
TotalPageFile size 26971M (AvailPageFile size 3536M)
current process WorkingSet (physical memory assigned to process): 283M, peak: 283M
current process commit charge ("private bytes"): 445M, peak: 447M

vm_info: OpenJDK 64-Bit Server VM (21.0.8+-14196175-b1038.72) for windows-amd64 JRE (21.0.8+-14196175-b1038.72), built on 2025-10-01T10:24:33Z by "builder" with MS VC++ 16.10 / 16.11 (VS2019)

END.
